[3.609s] Invoking command in '/home/qaim/ros2_ws/src/emotion_speech': PYTHONPATH=/home/qaim/ros2_ws/build/emotion_speech/prefix_override:/usr/lib/python3/dist-packages/colcon_core/task/python/colcon_distutils_commands:/home/qaim/ros2_ws/install/emotion_speech/lib/python3.10/site-packages:${PYTHONPATH} /usr/bin/python3 -W ignore:setup.py install is deprecated -W ignore:easy_install command is deprecated setup.py egg_info --egg-base ../../build/emotion_speech build --build-base /home/qaim/ros2_ws/build/emotion_speech/build install --record /home/qaim/ros2_ws/build/emotion_speech/install.log --single-version-externally-managed install_data
[4.428s] running egg_info
[4.430s] writing ../../build/emotion_speech/emotion_speech.egg-info/PKG-INFO
[4.432s] writing dependency_links to ../../build/emotion_speech/emotion_speech.egg-info/dependency_links.txt
[4.434s] writing entry points to ../../build/emotion_speech/emotion_speech.egg-info/entry_points.txt
[4.435s] writing requirements to ../../build/emotion_speech/emotion_speech.egg-info/requires.txt
[4.439s] writing top-level names to ../../build/emotion_speech/emotion_speech.egg-info/top_level.txt
[4.447s] reading manifest file '../../build/emotion_speech/emotion_speech.egg-info/SOURCES.txt'
[4.455s] writing manifest file '../../build/emotion_speech/emotion_speech.egg-info/SOURCES.txt'
[4.455s] running build
[4.455s] running build_py
[4.458s] copying emotion_speech/memory_node.py -> /home/qaim/ros2_ws/build/emotion_speech/build/lib/emotion_speech
[4.459s] running install
[4.461s] running install_lib
[4.468s] copying /home/qaim/ros2_ws/build/emotion_speech/build/lib/emotion_speech/memory_node.py -> /home/qaim/ros2_ws/install/emotion_speech/lib/python3.10/site-packages/emotion_speech
[4.470s] byte-compiling /home/qaim/ros2_ws/install/emotion_speech/lib/python3.10/site-packages/emotion_speech/memory_node.py to memory_node.cpython-310.pyc
[4.476s] running install_data
[4.481s] running install_egg_info
[4.486s] removing '/home/qaim/ros2_ws/install/emotion_speech/lib/python3.10/site-packages/emotion_speech-0.0.0-py3.10.egg-info' (and everything under it)
[4.487s] Copying ../../build/emotion_speech/emotion_speech.egg-info to /home/qaim/ros2_ws/install/emotion_speech/lib/python3.10/site-packages/emotion_speech-0.0.0-py3.10.egg-info
[4.493s] running install_scripts
[4.553s] Installing face_ctrl3_cv script to /home/qaim/ros2_ws/install/emotion_speech/lib/emotion_speech
[4.557s] Installing face_display_node script to /home/qaim/ros2_ws/install/emotion_speech/lib/emotion_speech
[4.558s] Installing gemini_node script to /home/qaim/ros2_ws/install/emotion_speech/lib/emotion_speech
[4.561s] Installing plot_pnnx script to /home/qaim/ros2_ws/install/emotion_speech/lib/emotion_speech
[4.563s] Installing pnnx2 script to /home/qaim/ros2_ws/install/emotion_speech/lib/emotion_speech
[4.567s] Installing pnnx2_dummy script to /home/qaim/ros2_ws/install/emotion_speech/lib/emotion_speech
[4.568s] Installing pnnx_to_emotion_node script to /home/qaim/ros2_ws/install/emotion_speech/lib/emotion_speech
[4.568s] Installing speech_to_text_node script to /home/qaim/ros2_ws/install/emotion_speech/lib/emotion_speech
[4.569s] Installing test_publisher script to /home/qaim/ros2_ws/install/emotion_speech/lib/emotion_speech
[4.571s] writing list of installed files to '/home/qaim/ros2_ws/build/emotion_speech/install.log'
[4.611s] Invoked command in '/home/qaim/ros2_ws/src/emotion_speech' returned '0': PYTHONPATH=/home/qaim/ros2_ws/build/emotion_speech/prefix_override:/usr/lib/python3/dist-packages/colcon_core/task/python/colcon_distutils_commands:/home/qaim/ros2_ws/install/emotion_speech/lib/python3.10/site-packages:${PYTHONPATH} /usr/bin/python3 -W ignore:setup.py install is deprecated -W ignore:easy_install command is deprecated setup.py egg_info --egg-base ../../build/emotion_speech build --build-base /home/qaim/ros2_ws/build/emotion_speech/build install --record /home/qaim/ros2_ws/build/emotion_speech/install.log --single-version-externally-managed install_data
