[1.141s] Invoking command in '/home/qaim/ros2_ws/src/emotion_speech': PYTHONPATH=/home/qaim/ros2_ws/build/emotion_speech/prefix_override:/usr/lib/python3/dist-packages/colcon_core/task/python/colcon_distutils_commands:/home/qaim/ros2_ws/install/emotion_speech/lib/python3.10/site-packages:${PYTHONPATH} /usr/bin/python3 -W ignore:setup.py install is deprecated -W ignore:easy_install command is deprecated setup.py egg_info --egg-base ../../build/emotion_speech build --build-base /home/qaim/ros2_ws/build/emotion_speech/build install --record /home/qaim/ros2_ws/build/emotion_speech/install.log --single-version-externally-managed install_data
[1.390s] running egg_info
[1.390s] creating ../../build/emotion_speech/emotion_speech.egg-info
[1.390s] writing ../../build/emotion_speech/emotion_speech.egg-info/PKG-INFO
[1.391s] writing dependency_links to ../../build/emotion_speech/emotion_speech.egg-info/dependency_links.txt
[1.391s] writing entry points to ../../build/emotion_speech/emotion_speech.egg-info/entry_points.txt
[1.393s] writing requirements to ../../build/emotion_speech/emotion_speech.egg-info/requires.txt
[1.393s] writing top-level names to ../../build/emotion_speech/emotion_speech.egg-info/top_level.txt
[1.393s] writing manifest file '../../build/emotion_speech/emotion_speech.egg-info/SOURCES.txt'
[1.393s] reading manifest file '../../build/emotion_speech/emotion_speech.egg-info/SOURCES.txt'
[1.395s] writing manifest file '../../build/emotion_speech/emotion_speech.egg-info/SOURCES.txt'
[1.395s] running build
[1.395s] running build_py
[1.396s] creating /home/qaim/ros2_ws/build/emotion_speech/build
[1.396s] creating /home/qaim/ros2_ws/build/emotion_speech/build/lib
[1.396s] creating /home/qaim/ros2_ws/build/emotion_speech/build/lib/emotion_speech
[1.396s] copying emotion_speech/pnnx2.py -> /home/qaim/ros2_ws/build/emotion_speech/build/lib/emotion_speech
[1.396s] copying emotion_speech/gemini_node.py -> /home/qaim/ros2_ws/build/emotion_speech/build/lib/emotion_speech
[1.396s] copying emotion_speech/__init__.py -> /home/qaim/ros2_ws/build/emotion_speech/build/lib/emotion_speech
[1.396s] copying emotion_speech/speech_to_text_node.py -> /home/qaim/ros2_ws/build/emotion_speech/build/lib/emotion_speech
[1.397s] copying emotion_speech/plot_pnnx.py -> /home/qaim/ros2_ws/build/emotion_speech/build/lib/emotion_speech
[1.397s] copying emotion_speech/face_ctrl3_cv.py -> /home/qaim/ros2_ws/build/emotion_speech/build/lib/emotion_speech
[1.397s] copying emotion_speech/pnnx_to_emotion_node.py -> /home/qaim/ros2_ws/build/emotion_speech/build/lib/emotion_speech
[1.397s] copying emotion_speech/test_emotion_publisher.py -> /home/qaim/ros2_ws/build/emotion_speech/build/lib/emotion_speech
[1.397s] copying emotion_speech/list_models.py -> /home/qaim/ros2_ws/build/emotion_speech/build/lib/emotion_speech
[1.398s] copying emotion_speech/pnnx2_dummy.py -> /home/qaim/ros2_ws/build/emotion_speech/build/lib/emotion_speech
[1.398s] copying emotion_speech/face_display_node.py -> /home/qaim/ros2_ws/build/emotion_speech/build/lib/emotion_speech
[1.399s] running install
[1.399s] running install_lib
[1.400s] creating /home/qaim/ros2_ws/install/emotion_speech/lib/python3.10/site-packages/emotion_speech
[1.400s] copying /home/qaim/ros2_ws/build/emotion_speech/build/lib/emotion_speech/pnnx2.py -> /home/qaim/ros2_ws/install/emotion_speech/lib/python3.10/site-packages/emotion_speech
[1.401s] copying /home/qaim/ros2_ws/build/emotion_speech/build/lib/emotion_speech/gemini_node.py -> /home/qaim/ros2_ws/install/emotion_speech/lib/python3.10/site-packages/emotion_speech
[1.401s] copying /home/qaim/ros2_ws/build/emotion_speech/build/lib/emotion_speech/__init__.py -> /home/qaim/ros2_ws/install/emotion_speech/lib/python3.10/site-packages/emotion_speech
[1.401s] copying /home/qaim/ros2_ws/build/emotion_speech/build/lib/emotion_speech/speech_to_text_node.py -> /home/qaim/ros2_ws/install/emotion_speech/lib/python3.10/site-packages/emotion_speech
[1.401s] copying /home/qaim/ros2_ws/build/emotion_speech/build/lib/emotion_speech/plot_pnnx.py -> /home/qaim/ros2_ws/install/emotion_speech/lib/python3.10/site-packages/emotion_speech
[1.401s] copying /home/qaim/ros2_ws/build/emotion_speech/build/lib/emotion_speech/face_ctrl3_cv.py -> /home/qaim/ros2_ws/install/emotion_speech/lib/python3.10/site-packages/emotion_speech
[1.401s] copying /home/qaim/ros2_ws/build/emotion_speech/build/lib/emotion_speech/pnnx_to_emotion_node.py -> /home/qaim/ros2_ws/install/emotion_speech/lib/python3.10/site-packages/emotion_speech
[1.402s] copying /home/qaim/ros2_ws/build/emotion_speech/build/lib/emotion_speech/test_emotion_publisher.py -> /home/qaim/ros2_ws/install/emotion_speech/lib/python3.10/site-packages/emotion_speech
[1.402s] copying /home/qaim/ros2_ws/build/emotion_speech/build/lib/emotion_speech/list_models.py -> /home/qaim/ros2_ws/install/emotion_speech/lib/python3.10/site-packages/emotion_speech
[1.402s] copying /home/qaim/ros2_ws/build/emotion_speech/build/lib/emotion_speech/pnnx2_dummy.py -> /home/qaim/ros2_ws/install/emotion_speech/lib/python3.10/site-packages/emotion_speech
[1.402s] copying /home/qaim/ros2_ws/build/emotion_speech/build/lib/emotion_speech/face_display_node.py -> /home/qaim/ros2_ws/install/emotion_speech/lib/python3.10/site-packages/emotion_speech
[1.403s] byte-compiling /home/qaim/ros2_ws/install/emotion_speech/lib/python3.10/site-packages/emotion_speech/pnnx2.py to pnnx2.cpython-310.pyc
[1.404s] byte-compiling /home/qaim/ros2_ws/install/emotion_speech/lib/python3.10/site-packages/emotion_speech/gemini_node.py to gemini_node.cpython-310.pyc
[1.405s] byte-compiling /home/qaim/ros2_ws/install/emotion_speech/lib/python3.10/site-packages/emotion_speech/__init__.py to __init__.cpython-310.pyc
[1.405s] byte-compiling /home/qaim/ros2_ws/install/emotion_speech/lib/python3.10/site-packages/emotion_speech/speech_to_text_node.py to speech_to_text_node.cpython-310.pyc
[1.406s] byte-compiling /home/qaim/ros2_ws/install/emotion_speech/lib/python3.10/site-packages/emotion_speech/plot_pnnx.py to plot_pnnx.cpython-310.pyc
[1.407s] byte-compiling /home/qaim/ros2_ws/install/emotion_speech/lib/python3.10/site-packages/emotion_speech/face_ctrl3_cv.py to face_ctrl3_cv.cpython-310.pyc
[1.407s] byte-compiling /home/qaim/ros2_ws/install/emotion_speech/lib/python3.10/site-packages/emotion_speech/pnnx_to_emotion_node.py to pnnx_to_emotion_node.cpython-310.pyc
[1.408s] byte-compiling /home/qaim/ros2_ws/install/emotion_speech/lib/python3.10/site-packages/emotion_speech/test_emotion_publisher.py to test_emotion_publisher.cpython-310.pyc
[1.409s] byte-compiling /home/qaim/ros2_ws/install/emotion_speech/lib/python3.10/site-packages/emotion_speech/list_models.py to list_models.cpython-310.pyc
[1.409s] byte-compiling /home/qaim/ros2_ws/install/emotion_speech/lib/python3.10/site-packages/emotion_speech/pnnx2_dummy.py to pnnx2_dummy.cpython-310.pyc
[1.409s] byte-compiling /home/qaim/ros2_ws/install/emotion_speech/lib/python3.10/site-packages/emotion_speech/face_display_node.py to face_display_node.cpython-310.pyc
[1.410s] running install_data
[1.411s] creating /home/qaim/ros2_ws/install/emotion_speech/share/ament_index
[1.411s] creating /home/qaim/ros2_ws/install/emotion_speech/share/ament_index/resource_index
[1.411s] creating /home/qaim/ros2_ws/install/emotion_speech/share/ament_index/resource_index/packages
[1.411s] copying resource/emotion_speech -> /home/qaim/ros2_ws/install/emotion_speech/share/ament_index/resource_index/packages
[1.411s] copying package.xml -> /home/qaim/ros2_ws/install/emotion_speech/share/emotion_speech
[1.411s] creating /home/qaim/ros2_ws/install/emotion_speech/share/emotion_speech/launch
[1.411s] copying launch/all.launch.py -> /home/qaim/ros2_ws/install/emotion_speech/share/emotion_speech/launch
[1.412s] creating /home/qaim/ros2_ws/install/emotion_speech/share/emotion_speech/face_DB
[1.412s] copying face_DB/neutral.JPG -> /home/qaim/ros2_ws/install/emotion_speech/share/emotion_speech/face_DB
[1.413s] copying face_DB/happy1.JPG -> /home/qaim/ros2_ws/install/emotion_speech/share/emotion_speech/face_DB
[1.414s] copying face_DB/happy2.JPG -> /home/qaim/ros2_ws/install/emotion_speech/share/emotion_speech/face_DB
[1.416s] copying face_DB/happy3.JPG -> /home/qaim/ros2_ws/install/emotion_speech/share/emotion_speech/face_DB
[1.417s] copying face_DB/happy4.JPG -> /home/qaim/ros2_ws/install/emotion_speech/share/emotion_speech/face_DB
[1.418s] copying face_DB/happy5.JPG -> /home/qaim/ros2_ws/install/emotion_speech/share/emotion_speech/face_DB
[1.420s] copying face_DB/anger1.JPG -> /home/qaim/ros2_ws/install/emotion_speech/share/emotion_speech/face_DB
[1.421s] copying face_DB/anger2.JPG -> /home/qaim/ros2_ws/install/emotion_speech/share/emotion_speech/face_DB
[1.422s] copying face_DB/anger3.JPG -> /home/qaim/ros2_ws/install/emotion_speech/share/emotion_speech/face_DB
[1.423s] copying face_DB/anger4.JPG -> /home/qaim/ros2_ws/install/emotion_speech/share/emotion_speech/face_DB
[1.424s] copying face_DB/anger5.JPG -> /home/qaim/ros2_ws/install/emotion_speech/share/emotion_speech/face_DB
[1.425s] copying face_DB/relax1.JPG -> /home/qaim/ros2_ws/install/emotion_speech/share/emotion_speech/face_DB
[1.426s] copying face_DB/relax2.JPG -> /home/qaim/ros2_ws/install/emotion_speech/share/emotion_speech/face_DB
[1.427s] copying face_DB/relax3.JPG -> /home/qaim/ros2_ws/install/emotion_speech/share/emotion_speech/face_DB
[1.427s] copying face_DB/relax4.JPG -> /home/qaim/ros2_ws/install/emotion_speech/share/emotion_speech/face_DB
[1.428s] copying face_DB/relax5.JPG -> /home/qaim/ros2_ws/install/emotion_speech/share/emotion_speech/face_DB
[1.429s] copying face_DB/sadness1.JPG -> /home/qaim/ros2_ws/install/emotion_speech/share/emotion_speech/face_DB
[1.431s] copying face_DB/sadness2.JPG -> /home/qaim/ros2_ws/install/emotion_speech/share/emotion_speech/face_DB
[1.432s] copying face_DB/sadness3.JPG -> /home/qaim/ros2_ws/install/emotion_speech/share/emotion_speech/face_DB
[1.433s] copying face_DB/sadness4.JPG -> /home/qaim/ros2_ws/install/emotion_speech/share/emotion_speech/face_DB
[1.434s] copying face_DB/sadness5.JPG -> /home/qaim/ros2_ws/install/emotion_speech/share/emotion_speech/face_DB
[1.436s] running install_egg_info
[1.438s] Copying ../../build/emotion_speech/emotion_speech.egg-info to /home/qaim/ros2_ws/install/emotion_speech/lib/python3.10/site-packages/emotion_speech-0.0.0-py3.10.egg-info
[1.440s] running install_scripts
[1.469s] Installing face_ctrl3_cv script to /home/qaim/ros2_ws/install/emotion_speech/lib/emotion_speech
[1.469s] Installing face_display_node script to /home/qaim/ros2_ws/install/emotion_speech/lib/emotion_speech
[1.471s] Installing gemini_node script to /home/qaim/ros2_ws/install/emotion_speech/lib/emotion_speech
[1.471s] Installing plot_pnnx script to /home/qaim/ros2_ws/install/emotion_speech/lib/emotion_speech
[1.471s] Installing pnnx2 script to /home/qaim/ros2_ws/install/emotion_speech/lib/emotion_speech
[1.471s] Installing pnnx2_dummy script to /home/qaim/ros2_ws/install/emotion_speech/lib/emotion_speech
[1.471s] Installing pnnx_to_emotion_node script to /home/qaim/ros2_ws/install/emotion_speech/lib/emotion_speech
[1.471s] Installing speech_to_text_node script to /home/qaim/ros2_ws/install/emotion_speech/lib/emotion_speech
[1.471s] Installing test_publisher script to /home/qaim/ros2_ws/install/emotion_speech/lib/emotion_speech
[1.471s] writing list of installed files to '/home/qaim/ros2_ws/build/emotion_speech/install.log'
[1.503s] Invoked command in '/home/qaim/ros2_ws/src/emotion_speech' returned '0': PYTHONPATH=/home/qaim/ros2_ws/build/emotion_speech/prefix_override:/usr/lib/python3/dist-packages/colcon_core/task/python/colcon_distutils_commands:/home/qaim/ros2_ws/install/emotion_speech/lib/python3.10/site-packages:${PYTHONPATH} /usr/bin/python3 -W ignore:setup.py install is deprecated -W ignore:easy_install command is deprecated setup.py egg_info --egg-base ../../build/emotion_speech build --build-base /home/qaim/ros2_ws/build/emotion_speech/build install --record /home/qaim/ros2_ws/build/emotion_speech/install.log --single-version-externally-managed install_data
