[3.270s] Invoking command in '/home/qaim/ros2_ws/src/emotion_speech': PYTHONPATH=/home/qaim/ros2_ws/build/emotion_speech/prefix_override:/usr/lib/python3/dist-packages/colcon_core/task/python/colcon_distutils_commands:/home/qaim/ros2_ws/install/emotion_speech/lib/python3.10/site-packages:${PYTHONPATH} /usr/bin/python3 -W ignore:setup.py install is deprecated -W ignore:easy_install command is deprecated setup.py egg_info --egg-base ../../build/emotion_speech build --build-base /home/qaim/ros2_ws/build/emotion_speech/build install --record /home/qaim/ros2_ws/build/emotion_speech/install.log --single-version-externally-managed install_data
[4.337s] running egg_info
[4.341s] writing ../../build/emotion_speech/emotion_speech.egg-info/PKG-INFO
[4.342s] writing dependency_links to ../../build/emotion_speech/emotion_speech.egg-info/dependency_links.txt
[4.343s] writing entry points to ../../build/emotion_speech/emotion_speech.egg-info/entry_points.txt
[4.344s] writing requirements to ../../build/emotion_speech/emotion_speech.egg-info/requires.txt
[4.344s] writing top-level names to ../../build/emotion_speech/emotion_speech.egg-info/top_level.txt
[4.354s] reading manifest file '../../build/emotion_speech/emotion_speech.egg-info/SOURCES.txt'
[4.361s] writing manifest file '../../build/emotion_speech/emotion_speech.egg-info/SOURCES.txt'
[4.362s] running build
[4.362s] running build_py
[4.368s] running install
[4.369s] running install_lib
[4.377s] running install_data
[4.386s] running install_egg_info
[4.390s] removing '/home/qaim/ros2_ws/install/emotion_speech/lib/python3.10/site-packages/emotion_speech-0.0.0-py3.10.egg-info' (and everything under it)
[4.393s] Copying ../../build/emotion_speech/emotion_speech.egg-info to /home/qaim/ros2_ws/install/emotion_speech/lib/python3.10/site-packages/emotion_speech-0.0.0-py3.10.egg-info
[4.399s] running install_scripts
[4.490s] Installing face_ctrl3_cv script to /home/qaim/ros2_ws/install/emotion_speech/lib/emotion_speech
[4.491s] Installing face_display_node script to /home/qaim/ros2_ws/install/emotion_speech/lib/emotion_speech
[4.492s] Installing gemini_node script to /home/qaim/ros2_ws/install/emotion_speech/lib/emotion_speech
[4.493s] Installing memory_node script to /home/qaim/ros2_ws/install/emotion_speech/lib/emotion_speech
[4.498s] Installing plot_pnnx script to /home/qaim/ros2_ws/install/emotion_speech/lib/emotion_speech
[4.499s] Installing pnnx2 script to /home/qaim/ros2_ws/install/emotion_speech/lib/emotion_speech
[4.499s] Installing pnnx2_dummy script to /home/qaim/ros2_ws/install/emotion_speech/lib/emotion_speech
[4.506s] Installing pnnx_to_emotion_node script to /home/qaim/ros2_ws/install/emotion_speech/lib/emotion_speech
[4.509s] Installing speech_to_text_node script to /home/qaim/ros2_ws/install/emotion_speech/lib/emotion_speech
[4.509s] Installing test_publisher script to /home/qaim/ros2_ws/install/emotion_speech/lib/emotion_speech
[4.510s] writing list of installed files to '/home/qaim/ros2_ws/build/emotion_speech/install.log'
[4.571s] Invoked command in '/home/qaim/ros2_ws/src/emotion_speech' returned '0': PYTHONPATH=/home/qaim/ros2_ws/build/emotion_speech/prefix_override:/usr/lib/python3/dist-packages/colcon_core/task/python/colcon_distutils_commands:/home/qaim/ros2_ws/install/emotion_speech/lib/python3.10/site-packages:${PYTHONPATH} /usr/bin/python3 -W ignore:setup.py install is deprecated -W ignore:easy_install command is deprecated setup.py egg_info --egg-base ../../build/emotion_speech build --build-base /home/qaim/ros2_ws/build/emotion_speech/build install --record /home/qaim/ros2_ws/build/emotion_speech/install.log --single-version-externally-managed install_data
