[1.336s] DEBUG:colcon:Command line arguments: ['/usr/bin/colcon', 'build']
[1.337s] DEBUG:colcon:Parsed command line arguments: Namespace(log_base=None, log_level=None, verb_name='build', build_base='build', install_base='install', merge_install=False, symlink_install=False, test_result_base=None, continue_on_error=False, executor='parallel', parallel_workers=2, event_handlers=None, ignore_user_meta=False, metas=['./colcon.meta'], base_paths=['.'], packages_ignore=None, packages_ignore_regex=None, paths=None, packages_up_to=None, packages_up_to_regex=None, packages_above=None, packages_above_and_dependencies=None, packages_above_depth=None, packages_select_by_dep=None, packages_skip_by_dep=None, packages_skip_up_to=None, packages_select_build_failed=False, packages_skip_build_finished=False, packages_select_test_failures=False, packages_skip_test_passed=False, packages_select=None, packages_skip=None, packages_select_regex=None, packages_skip_regex=None, packages_start=None, packages_end=None, allow_overriding=[], cmake_args=None, cmake_target=None, cmake_target_skip_unavailable=False, cmake_clean_cache=False, cmake_clean_first=False, cmake_force_configure=False, ament_cmake_args=None, catkin_cmake_args=None, catkin_skip_building_tests=False, verb_parser=<colcon_defaults.argument_parser.defaults.DefaultArgumentsDecorator object at 0x7168248549a0>, verb_extension=<colcon_core.verb.build.BuildVerb object at 0x7168248543a0>, main=<bound method BuildVerb.main of <colcon_core.verb.build.BuildVerb object at 0x7168248543a0>>)
[2.809s] Level 1:colcon.colcon_core.package_discovery:discover_packages(colcon_meta) check parameters
[2.809s] Level 1:colcon.colcon_core.package_discovery:discover_packages(recursive) check parameters
[2.809s] Level 1:colcon.colcon_core.package_discovery:discover_packages(ignore) check parameters
[2.809s] Level 1:colcon.colcon_core.package_discovery:discover_packages(path) check parameters
[2.809s] Level 1:colcon.colcon_core.package_discovery:discover_packages(colcon_meta) discover
[2.810s] Level 1:colcon.colcon_core.package_discovery:discover_packages(recursive) discover
[2.810s] INFO:colcon.colcon_core.package_discovery:Crawling recursively for packages in '/home/qaim/ros2_ws'
[2.813s] Level 1:colcon.colcon_core.package_identification:_identify(.) by extensions ['ignore', 'ignore_ament_install']
[2.814s] Level 1:colcon.colcon_core.package_identification:_identify(.) by extension 'ignore'
[2.814s] Level 1:colcon.colcon_core.package_identification:_identify(.) by extension 'ignore_ament_install'
[2.814s] Level 1:colcon.colcon_core.package_identification:_identify(.) by extensions ['colcon_pkg']
[2.814s] Level 1:colcon.colcon_core.package_identification:_identify(.) by extension 'colcon_pkg'
[2.815s] Level 1:colcon.colcon_core.package_identification:_identify(.) by extensions ['colcon_meta']
[2.815s] Level 1:colcon.colcon_core.package_identification:_identify(.) by extension 'colcon_meta'
[2.815s] Level 1:colcon.colcon_core.package_identification:_identify(.) by extensions ['ros']
[2.815s] Level 1:colcon.colcon_core.package_identification:_identify(.) by extension 'ros'
[2.856s] Level 1:colcon.colcon_core.package_identification:_identify(.) by extensions ['cmake', 'python']
[2.856s] Level 1:colcon.colcon_core.package_identification:_identify(.) by extension 'cmake'
[2.857s] Level 1:colcon.colcon_core.package_identification:_identify(.) by extension 'python'
[2.857s] Level 1:colcon.colcon_core.package_identification:_identify(.) by extensions ['python_setup_py']
[2.857s] Level 1:colcon.colcon_core.package_identification:_identify(.) by extension 'python_setup_py'
[2.858s] Level 1:colcon.colcon_core.package_identification:_identify(build) by extensions ['ignore', 'ignore_ament_install']
[2.858s] Level 1:colcon.colcon_core.package_identification:_identify(build) by extension 'ignore'
[2.859s] Level 1:colcon.colcon_core.package_identification:_identify(build) ignored
[2.859s] Level 1:colcon.colcon_core.package_identification:_identify(install) by extensions ['ignore', 'ignore_ament_install']
[2.859s] Level 1:colcon.colcon_core.package_identification:_identify(install) by extension 'ignore'
[2.859s] Level 1:colcon.colcon_core.package_identification:_identify(install) ignored
[2.860s] Level 1:colcon.colcon_core.package_identification:_identify(log) by extensions ['ignore', 'ignore_ament_install']
[2.860s] Level 1:colcon.colcon_core.package_identification:_identify(log) by extension 'ignore'
[2.860s] Level 1:colcon.colcon_core.package_identification:_identify(log) ignored
[2.861s] Level 1:colcon.colcon_core.package_identification:_identify(src) by extensions ['ignore', 'ignore_ament_install']
[2.861s] Level 1:colcon.colcon_core.package_identification:_identify(src) by extension 'ignore'
[2.861s] Level 1:colcon.colcon_core.package_identification:_identify(src) by extension 'ignore_ament_install'
[2.861s] Level 1:colcon.colcon_core.package_identification:_identify(src) by extensions ['colcon_pkg']
[2.861s] Level 1:colcon.colcon_core.package_identification:_identify(src) by extension 'colcon_pkg'
[2.862s] Level 1:colcon.colcon_core.package_identification:_identify(src) by extensions ['colcon_meta']
[2.862s] Level 1:colcon.colcon_core.package_identification:_identify(src) by extension 'colcon_meta'
[2.862s] Level 1:colcon.colcon_core.package_identification:_identify(src) by extensions ['ros']
[2.862s] Level 1:colcon.colcon_core.package_identification:_identify(src) by extension 'ros'
[2.862s] Level 1:colcon.colcon_core.package_identification:_identify(src) by extensions ['cmake', 'python']
[2.862s] Level 1:colcon.colcon_core.package_identification:_identify(src) by extension 'cmake'
[2.862s] Level 1:colcon.colcon_core.package_identification:_identify(src) by extension 'python'
[2.863s] Level 1:colcon.colcon_core.package_identification:_identify(src) by extensions ['python_setup_py']
[2.863s] Level 1:colcon.colcon_core.package_identification:_identify(src) by extension 'python_setup_py'
[2.863s] Level 1:colcon.colcon_core.package_identification:_identify(src/emotion_speech) by extensions ['ignore', 'ignore_ament_install']
[2.864s] Level 1:colcon.colcon_core.package_identification:_identify(src/emotion_speech) by extension 'ignore'
[2.864s] Level 1:colcon.colcon_core.package_identification:_identify(src/emotion_speech) by extension 'ignore_ament_install'
[2.864s] Level 1:colcon.colcon_core.package_identification:_identify(src/emotion_speech) by extensions ['colcon_pkg']
[2.864s] Level 1:colcon.colcon_core.package_identification:_identify(src/emotion_speech) by extension 'colcon_pkg'
[2.867s] Level 1:colcon.colcon_core.package_identification:_identify(src/emotion_speech) by extensions ['colcon_meta']
[2.868s] Level 1:colcon.colcon_core.package_identification:_identify(src/emotion_speech) by extension 'colcon_meta'
[2.869s] Level 1:colcon.colcon_core.package_identification:_identify(src/emotion_speech) by extensions ['ros']
[2.869s] Level 1:colcon.colcon_core.package_identification:_identify(src/emotion_speech) by extension 'ros'
[2.893s] DEBUG:colcon.colcon_core.package_identification:Package 'src/emotion_speech' with type 'ros.ament_python' and name 'emotion_speech'
[2.893s] Level 1:colcon.colcon_core.package_discovery:discover_packages(recursive) using defaults
[2.894s] Level 1:colcon.colcon_core.package_discovery:discover_packages(ignore) discover
[2.894s] Level 1:colcon.colcon_core.package_discovery:discover_packages(ignore) using defaults
[2.894s] Level 1:colcon.colcon_core.package_discovery:discover_packages(path) discover
[2.894s] Level 1:colcon.colcon_core.package_discovery:discover_packages(path) using defaults
[3.151s] Level 1:colcon.colcon_core.package_discovery:discover_packages(prefix_path) check parameters
[3.151s] Level 1:colcon.colcon_core.package_discovery:discover_packages(prefix_path) discover
[3.161s] DEBUG:colcon.colcon_installed_package_information.package_discovery:Found 1 installed packages in /home/qaim/ros2_ws/install
[3.168s] DEBUG:colcon.colcon_installed_package_information.package_discovery:Found 398 installed packages in /opt/ros/humble
[3.171s] Level 1:colcon.colcon_core.package_discovery:discover_packages(prefix_path) using defaults
[3.293s] Level 5:colcon.colcon_core.verb:set package 'emotion_speech' build argument 'cmake_args' from command line to 'None'
[3.293s] Level 5:colcon.colcon_core.verb:set package 'emotion_speech' build argument 'cmake_target' from command line to 'None'
[3.293s] Level 5:colcon.colcon_core.verb:set package 'emotion_speech' build argument 'cmake_target_skip_unavailable' from command line to 'False'
[3.293s] Level 5:colcon.colcon_core.verb:set package 'emotion_speech' build argument 'cmake_clean_cache' from command line to 'False'
[3.293s] Level 5:colcon.colcon_core.verb:set package 'emotion_speech' build argument 'cmake_clean_first' from command line to 'False'
[3.293s] Level 5:colcon.colcon_core.verb:set package 'emotion_speech' build argument 'cmake_force_configure' from command line to 'False'
[3.293s] Level 5:colcon.colcon_core.verb:set package 'emotion_speech' build argument 'ament_cmake_args' from command line to 'None'
[3.293s] Level 5:colcon.colcon_core.verb:set package 'emotion_speech' build argument 'catkin_cmake_args' from command line to 'None'
[3.293s] Level 5:colcon.colcon_core.verb:set package 'emotion_speech' build argument 'catkin_skip_building_tests' from command line to 'False'
[3.293s] DEBUG:colcon.colcon_core.verb:Building package 'emotion_speech' with the following arguments: {'ament_cmake_args': None, 'build_base': '/home/qaim/ros2_ws/build/emotion_speech', 'catkin_cmake_args': None, 'catkin_skip_building_tests': False, 'cmake_args': None, 'cmake_clean_cache': False, 'cmake_clean_first': False, 'cmake_force_configure': False, 'cmake_target': None, 'cmake_target_skip_unavailable': False, 'install_base': '/home/qaim/ros2_ws/install/emotion_speech', 'merge_install': False, 'path': '/home/qaim/ros2_ws/src/emotion_speech', 'symlink_install': False, 'test_result_base': None}
[3.294s] INFO:colcon.colcon_core.executor:Executing jobs using 'parallel' executor
[3.299s] DEBUG:colcon.colcon_parallel_executor.executor.parallel:run_until_complete
[3.299s] INFO:colcon.colcon_ros.task.ament_python.build:Building ROS package in '/home/qaim/ros2_ws/src/emotion_speech' with build type 'ament_python'
[3.299s] Level 1:colcon.colcon_core.shell:create_environment_hook('emotion_speech', 'ament_prefix_path')
[3.319s] INFO:colcon.colcon_core.plugin_system:Skipping extension 'colcon_core.shell.bat': Not used on non-Windows systems
[3.319s] INFO:colcon.colcon_core.shell:Creating environment hook '/home/qaim/ros2_ws/install/emotion_speech/share/emotion_speech/hook/ament_prefix_path.ps1'
[3.322s] INFO:colcon.colcon_core.shell:Creating environment descriptor '/home/qaim/ros2_ws/install/emotion_speech/share/emotion_speech/hook/ament_prefix_path.dsv'
[3.325s] INFO:colcon.colcon_core.shell:Creating environment hook '/home/qaim/ros2_ws/install/emotion_speech/share/emotion_speech/hook/ament_prefix_path.sh'
[3.333s] INFO:colcon.colcon_core.shell:Skip shell extension 'powershell' for command environment: Not usable outside of PowerShell
[3.333s] DEBUG:colcon.colcon_core.shell:Skip shell extension 'dsv' for command environment
[4.171s] INFO:colcon.colcon_core.task.python.build:Building Python package in '/home/qaim/ros2_ws/src/emotion_speech'
[4.172s] INFO:colcon.colcon_core.shell:Skip shell extension 'powershell' for command environment: Not usable outside of PowerShell
[4.172s] DEBUG:colcon.colcon_core.shell:Skip shell extension 'dsv' for command environment
[5.826s] DEBUG:colcon.colcon_core.event_handler.log_command:Invoking command in '/home/qaim/ros2_ws/src/emotion_speech': PYTHONPATH=/home/qaim/ros2_ws/build/emotion_speech/prefix_override:/usr/lib/python3/dist-packages/colcon_core/task/python/colcon_distutils_commands:/home/qaim/ros2_ws/install/emotion_speech/lib/python3.10/site-packages:${PYTHONPATH} /usr/bin/python3 -W ignore:setup.py install is deprecated -W ignore:easy_install command is deprecated setup.py egg_info --egg-base ../../build/emotion_speech build --build-base /home/qaim/ros2_ws/build/emotion_speech/build install --record /home/qaim/ros2_ws/build/emotion_speech/install.log --single-version-externally-managed install_data
[6.650s] DEBUG:colcon.colcon_core.event_handler.log_command:Invoked command in '/home/qaim/ros2_ws/src/emotion_speech' returned '0': PYTHONPATH=/home/qaim/ros2_ws/build/emotion_speech/prefix_override:/usr/lib/python3/dist-packages/colcon_core/task/python/colcon_distutils_commands:/home/qaim/ros2_ws/install/emotion_speech/lib/python3.10/site-packages:${PYTHONPATH} /usr/bin/python3 -W ignore:setup.py install is deprecated -W ignore:easy_install command is deprecated setup.py egg_info --egg-base ../../build/emotion_speech build --build-base /home/qaim/ros2_ws/build/emotion_speech/build install --record /home/qaim/ros2_ws/build/emotion_speech/install.log --single-version-externally-managed install_data
[6.688s] Level 1:colcon.colcon_core.environment:checking '/home/qaim/ros2_ws/install/emotion_speech' for CMake module files
[6.689s] Level 1:colcon.colcon_core.environment:checking '/home/qaim/ros2_ws/install/emotion_speech' for CMake config files
[6.693s] Level 1:colcon.colcon_core.environment:checking '/home/qaim/ros2_ws/install/emotion_speech/lib'
[6.693s] Level 1:colcon.colcon_core.environment:checking '/home/qaim/ros2_ws/install/emotion_speech/bin'
[6.694s] Level 1:colcon.colcon_core.environment:checking '/home/qaim/ros2_ws/install/emotion_speech/lib/pkgconfig/emotion_speech.pc'
[6.694s] Level 1:colcon.colcon_core.environment:checking '/home/qaim/ros2_ws/install/emotion_speech/lib/python3.10/site-packages'
[6.695s] Level 1:colcon.colcon_core.shell:create_environment_hook('emotion_speech', 'pythonpath')
[6.696s] INFO:colcon.colcon_core.shell:Creating environment hook '/home/qaim/ros2_ws/install/emotion_speech/share/emotion_speech/hook/pythonpath.ps1'
[6.699s] INFO:colcon.colcon_core.shell:Creating environment descriptor '/home/qaim/ros2_ws/install/emotion_speech/share/emotion_speech/hook/pythonpath.dsv'
[6.701s] INFO:colcon.colcon_core.shell:Creating environment hook '/home/qaim/ros2_ws/install/emotion_speech/share/emotion_speech/hook/pythonpath.sh'
[6.705s] Level 1:colcon.colcon_core.environment:checking '/home/qaim/ros2_ws/install/emotion_speech/bin'
[6.705s] Level 1:colcon.colcon_core.environment:create_environment_scripts_only(emotion_speech)
[6.706s] INFO:colcon.colcon_core.shell:Creating package script '/home/qaim/ros2_ws/install/emotion_speech/share/emotion_speech/package.ps1'
[6.709s] INFO:colcon.colcon_core.shell:Creating package descriptor '/home/qaim/ros2_ws/install/emotion_speech/share/emotion_speech/package.dsv'
[6.713s] INFO:colcon.colcon_core.shell:Creating package script '/home/qaim/ros2_ws/install/emotion_speech/share/emotion_speech/package.sh'
[6.720s] INFO:colcon.colcon_core.shell:Creating package script '/home/qaim/ros2_ws/install/emotion_speech/share/emotion_speech/package.bash'
[6.723s] INFO:colcon.colcon_core.shell:Creating package script '/home/qaim/ros2_ws/install/emotion_speech/share/emotion_speech/package.zsh'
[6.727s] Level 1:colcon.colcon_core.environment:create_file_with_runtime_dependencies(/home/qaim/ros2_ws/install/emotion_speech/share/colcon-core/packages/emotion_speech)
[6.729s] DEBUG:colcon.colcon_parallel_executor.executor.parallel:closing loop
[6.734s] DEBUG:colcon.colcon_parallel_executor.executor.parallel:loop closed
[6.736s] DEBUG:colcon.colcon_parallel_executor.executor.parallel:run_until_complete finished with '0'
[6.736s] DEBUG:colcon.colcon_core.event_reactor:joining thread
[6.784s] INFO:colcon.colcon_core.plugin_system:Skipping extension 'colcon_notification.desktop_notification.terminal_notifier': Not used on non-Darwin systems
[6.784s] INFO:colcon.colcon_core.plugin_system:Skipping extension 'colcon_notification.desktop_notification.win32': Not used on non-Windows systems
[6.785s] INFO:colcon.colcon_notification.desktop_notification:Sending desktop notification using 'notify2'
[6.908s] DEBUG:colcon.colcon_core.event_reactor:joined thread
[6.909s] INFO:colcon.colcon_core.shell:Creating prefix script '/home/qaim/ros2_ws/install/local_setup.ps1'
[6.915s] INFO:colcon.colcon_core.shell:Creating prefix util module '/home/qaim/ros2_ws/install/_local_setup_util_ps1.py'
[6.921s] INFO:colcon.colcon_core.shell:Creating prefix chain script '/home/qaim/ros2_ws/install/setup.ps1'
[6.924s] INFO:colcon.colcon_core.shell:Creating prefix script '/home/qaim/ros2_ws/install/local_setup.sh'
[6.929s] INFO:colcon.colcon_core.shell:Creating prefix util module '/home/qaim/ros2_ws/install/_local_setup_util_sh.py'
[6.934s] INFO:colcon.colcon_core.shell:Creating prefix chain script '/home/qaim/ros2_ws/install/setup.sh'
[6.939s] INFO:colcon.colcon_core.shell:Creating prefix script '/home/qaim/ros2_ws/install/local_setup.bash'
[6.944s] INFO:colcon.colcon_core.shell:Creating prefix chain script '/home/qaim/ros2_ws/install/setup.bash'
[6.952s] INFO:colcon.colcon_core.shell:Creating prefix script '/home/qaim/ros2_ws/install/local_setup.zsh'
[6.956s] INFO:colcon.colcon_core.shell:Creating prefix chain script '/home/qaim/ros2_ws/install/setup.zsh'
