[1.329s] Invoking command in '/home/qaim/ros2_ws/src/emotion_speech': PYTHONPATH=/home/qaim/ros2_ws/build/emotion_speech/prefix_override:/usr/lib/python3/dist-packages/colcon_core/task/python/colcon_distutils_commands:/home/qaim/ros2_ws/install/emotion_speech/lib/python3.10/site-packages:${PYTHONPATH} /usr/bin/python3 -W ignore:setup.py install is deprecated -W ignore:easy_install command is deprecated setup.py egg_info --egg-base ../../build/emotion_speech build --build-base /home/qaim/ros2_ws/build/emotion_speech/build install --record /home/qaim/ros2_ws/build/emotion_speech/install.log --single-version-externally-managed install_data
[2.228s] running egg_info
[2.229s] writing ../../build/emotion_speech/emotion_speech.egg-info/PKG-INFO
[2.230s] writing dependency_links to ../../build/emotion_speech/emotion_speech.egg-info/dependency_links.txt
[2.231s] writing entry points to ../../build/emotion_speech/emotion_speech.egg-info/entry_points.txt
[2.233s] writing requirements to ../../build/emotion_speech/emotion_speech.egg-info/requires.txt
[2.233s] writing top-level names to ../../build/emotion_speech/emotion_speech.egg-info/top_level.txt
[2.239s] reading manifest file '../../build/emotion_speech/emotion_speech.egg-info/SOURCES.txt'
[2.244s] writing manifest file '../../build/emotion_speech/emotion_speech.egg-info/SOURCES.txt'
[2.245s] running build
[2.245s] running build_py
[2.247s] running install
[2.247s] running install_lib
[2.251s] running install_data
[2.254s] running install_egg_info
[2.258s] removing '/home/qaim/ros2_ws/install/emotion_speech/lib/python3.10/site-packages/emotion_speech-0.0.0-py3.10.egg-info' (and everything under it)
[2.262s] Copying ../../build/emotion_speech/emotion_speech.egg-info to /home/qaim/ros2_ws/install/emotion_speech/lib/python3.10/site-packages/emotion_speech-0.0.0-py3.10.egg-info
[2.269s] running install_scripts
[2.332s] Installing face_ctrl3_cv script to /home/qaim/ros2_ws/install/emotion_speech/lib/emotion_speech
[2.335s] Installing face_display_node script to /home/qaim/ros2_ws/install/emotion_speech/lib/emotion_speech
[2.336s] Installing gemini_node script to /home/qaim/ros2_ws/install/emotion_speech/lib/emotion_speech
[2.338s] Installing memory_node script to /home/qaim/ros2_ws/install/emotion_speech/lib/emotion_speech
[2.339s] Installing plot_pnnx script to /home/qaim/ros2_ws/install/emotion_speech/lib/emotion_speech
[2.339s] Installing pnnx2 script to /home/qaim/ros2_ws/install/emotion_speech/lib/emotion_speech
[2.339s] Installing pnnx2_dummy script to /home/qaim/ros2_ws/install/emotion_speech/lib/emotion_speech
[2.339s] Installing pnnx_to_emotion_node script to /home/qaim/ros2_ws/install/emotion_speech/lib/emotion_speech
[2.341s] Installing speech_to_text_node script to /home/qaim/ros2_ws/install/emotion_speech/lib/emotion_speech
[2.341s] Installing test_publisher script to /home/qaim/ros2_ws/install/emotion_speech/lib/emotion_speech
[2.343s] writing list of installed files to '/home/qaim/ros2_ws/build/emotion_speech/install.log'
[2.416s] Invoked command in '/home/qaim/ros2_ws/src/emotion_speech' returned '0': PYTHONPATH=/home/qaim/ros2_ws/build/emotion_speech/prefix_override:/usr/lib/python3/dist-packages/colcon_core/task/python/colcon_distutils_commands:/home/qaim/ros2_ws/install/emotion_speech/lib/python3.10/site-packages:${PYTHONPATH} /usr/bin/python3 -W ignore:setup.py install is deprecated -W ignore:easy_install command is deprecated setup.py egg_info --egg-base ../../build/emotion_speech build --build-base /home/qaim/ros2_ws/build/emotion_speech/build install --record /home/qaim/ros2_ws/build/emotion_speech/install.log --single-version-externally-managed install_data
