[0.708s] Invoking command in '/home/qaim/ros2_ws/src/emotion_speech': PYTHONPATH=/home/qaim/ros2_ws/build/emotion_speech/prefix_override:/usr/lib/python3/dist-packages/colcon_core/task/python/colcon_distutils_commands:/home/qaim/ros2_ws/install/emotion_speech/lib/python3.10/site-packages:${PYTHONPATH} /usr/bin/python3 -W ignore:setup.py install is deprecated -W ignore:easy_install command is deprecated setup.py egg_info --egg-base ../../build/emotion_speech build --build-base /home/qaim/ros2_ws/build/emotion_speech/build install --record /home/qaim/ros2_ws/build/emotion_speech/install.log --single-version-externally-managed install_data
[0.980s] running egg_info
[0.980s] writing ../../build/emotion_speech/emotion_speech.egg-info/PKG-INFO
[0.980s] writing dependency_links to ../../build/emotion_speech/emotion_speech.egg-info/dependency_links.txt
[0.980s] writing entry points to ../../build/emotion_speech/emotion_speech.egg-info/entry_points.txt
[0.981s] writing requirements to ../../build/emotion_speech/emotion_speech.egg-info/requires.txt
[0.981s] writing top-level names to ../../build/emotion_speech/emotion_speech.egg-info/top_level.txt
[0.984s] reading manifest file '../../build/emotion_speech/emotion_speech.egg-info/SOURCES.txt'
[0.985s] writing manifest file '../../build/emotion_speech/emotion_speech.egg-info/SOURCES.txt'
[0.985s] running build
[0.985s] running build_py
[0.986s] copying emotion_speech/memory_node.py -> /home/qaim/ros2_ws/build/emotion_speech/build/lib/emotion_speech
[0.987s] running install
[0.987s] running install_lib
[0.988s] copying /home/qaim/ros2_ws/build/emotion_speech/build/lib/emotion_speech/memory_node.py -> /home/qaim/ros2_ws/install/emotion_speech/lib/python3.10/site-packages/emotion_speech
[0.989s] byte-compiling /home/qaim/ros2_ws/install/emotion_speech/lib/python3.10/site-packages/emotion_speech/memory_node.py to memory_node.cpython-310.pyc
[0.991s] running install_data
[0.992s] running install_egg_info
[0.994s] removing '/home/qaim/ros2_ws/install/emotion_speech/lib/python3.10/site-packages/emotion_speech-0.0.0-py3.10.egg-info' (and everything under it)
[0.994s] Copying ../../build/emotion_speech/emotion_speech.egg-info to /home/qaim/ros2_ws/install/emotion_speech/lib/python3.10/site-packages/emotion_speech-0.0.0-py3.10.egg-info
[0.995s] running install_scripts
[1.018s] Installing face_ctrl3_cv script to /home/qaim/ros2_ws/install/emotion_speech/lib/emotion_speech
[1.019s] Installing face_display_node script to /home/qaim/ros2_ws/install/emotion_speech/lib/emotion_speech
[1.020s] Installing gemini_node script to /home/qaim/ros2_ws/install/emotion_speech/lib/emotion_speech
[1.020s] Installing memory_node script to /home/qaim/ros2_ws/install/emotion_speech/lib/emotion_speech
[1.021s] Installing plot_pnnx script to /home/qaim/ros2_ws/install/emotion_speech/lib/emotion_speech
[1.021s] Installing pnnx2 script to /home/qaim/ros2_ws/install/emotion_speech/lib/emotion_speech
[1.021s] Installing pnnx2_dummy script to /home/qaim/ros2_ws/install/emotion_speech/lib/emotion_speech
[1.022s] Installing pnnx_to_emotion_node script to /home/qaim/ros2_ws/install/emotion_speech/lib/emotion_speech
[1.022s] Installing speech_to_text_node script to /home/qaim/ros2_ws/install/emotion_speech/lib/emotion_speech
[1.023s] Installing test_publisher script to /home/qaim/ros2_ws/install/emotion_speech/lib/emotion_speech
[1.024s] writing list of installed files to '/home/qaim/ros2_ws/build/emotion_speech/install.log'
[1.051s] Invoked command in '/home/qaim/ros2_ws/src/emotion_speech' returned '0': PYTHONPATH=/home/qaim/ros2_ws/build/emotion_speech/prefix_override:/usr/lib/python3/dist-packages/colcon_core/task/python/colcon_distutils_commands:/home/qaim/ros2_ws/install/emotion_speech/lib/python3.10/site-packages:${PYTHONPATH} /usr/bin/python3 -W ignore:setup.py install is deprecated -W ignore:easy_install command is deprecated setup.py egg_info --egg-base ../../build/emotion_speech build --build-base /home/qaim/ros2_ws/build/emotion_speech/build install --record /home/qaim/ros2_ws/build/emotion_speech/install.log --single-version-externally-managed install_data
