running egg_info
writing ../../build/emotion_speech/emotion_speech.egg-info/PKG-INFO
writing dependency_links to ../../build/emotion_speech/emotion_speech.egg-info/dependency_links.txt
writing entry points to ../../build/emotion_speech/emotion_speech.egg-info/entry_points.txt
writing requirements to ../../build/emotion_speech/emotion_speech.egg-info/requires.txt
writing top-level names to ../../build/emotion_speech/emotion_speech.egg-info/top_level.txt
reading manifest file '../../build/emotion_speech/emotion_speech.egg-info/SOURCES.txt'
writing manifest file '../../build/emotion_speech/emotion_speech.egg-info/SOURCES.txt'
running build
running build_py
copying emotion_speech/gemini_node.py -> /home/qaim/ros2_ws/build/emotion_speech/build/lib/emotion_speech
copying emotion_speech/memory_node.py -> /home/qaim/ros2_ws/build/emotion_speech/build/lib/emotion_speech
running install
running install_lib
copying /home/qaim/ros2_ws/build/emotion_speech/build/lib/emotion_speech/gemini_node.py -> /home/qaim/ros2_ws/install/emotion_speech/lib/python3.10/site-packages/emotion_speech
copying /home/qaim/ros2_ws/build/emotion_speech/build/lib/emotion_speech/memory_node.py -> /home/qaim/ros2_ws/install/emotion_speech/lib/python3.10/site-packages/emotion_speech
byte-compiling /home/qaim/ros2_ws/install/emotion_speech/lib/python3.10/site-packages/emotion_speech/gemini_node.py to gemini_node.cpython-310.pyc
byte-compiling /home/qaim/ros2_ws/install/emotion_speech/lib/python3.10/site-packages/emotion_speech/memory_node.py to memory_node.cpython-310.pyc
running install_data
running install_egg_info
removing '/home/qaim/ros2_ws/install/emotion_speech/lib/python3.10/site-packages/emotion_speech-0.0.0-py3.10.egg-info' (and everything under it)
Copying ../../build/emotion_speech/emotion_speech.egg-info to /home/qaim/ros2_ws/install/emotion_speech/lib/python3.10/site-packages/emotion_speech-0.0.0-py3.10.egg-info
running install_scripts
Installing face_ctrl3_cv script to /home/qaim/ros2_ws/install/emotion_speech/lib/emotion_speech
Installing face_display_node script to /home/qaim/ros2_ws/install/emotion_speech/lib/emotion_speech
Installing gemini_node script to /home/qaim/ros2_ws/install/emotion_speech/lib/emotion_speech
Installing memory_node script to /home/qaim/ros2_ws/install/emotion_speech/lib/emotion_speech
Installing plot_pnnx script to /home/qaim/ros2_ws/install/emotion_speech/lib/emotion_speech
Installing pnnx2 script to /home/qaim/ros2_ws/install/emotion_speech/lib/emotion_speech
Installing pnnx2_dummy script to /home/qaim/ros2_ws/install/emotion_speech/lib/emotion_speech
Installing pnnx_to_emotion_node script to /home/qaim/ros2_ws/install/emotion_speech/lib/emotion_speech
Installing speech_to_text_node script to /home/qaim/ros2_ws/install/emotion_speech/lib/emotion_speech
Installing test_publisher script to /home/qaim/ros2_ws/install/emotion_speech/lib/emotion_speech
writing list of installed files to '/home/qaim/ros2_ws/build/emotion_speech/install.log'
