[1.017s] DEBUG:colcon:Command line arguments: ['/usr/bin/colcon', 'build']
[1.018s] DEBUG:colcon:Parsed command line arguments: Namespace(log_base=None, log_level=None, verb_name='build', build_base='build', install_base='install', merge_install=False, symlink_install=False, test_result_base=None, continue_on_error=False, executor='parallel', parallel_workers=2, event_handlers=None, ignore_user_meta=False, metas=['./colcon.meta'], base_paths=['.'], packages_ignore=None, packages_ignore_regex=None, paths=None, packages_up_to=None, packages_up_to_regex=None, packages_above=None, packages_above_and_dependencies=None, packages_above_depth=None, packages_select_by_dep=None, packages_skip_by_dep=None, packages_skip_up_to=None, packages_select_build_failed=False, packages_skip_build_finished=False, packages_select_test_failures=False, packages_skip_test_passed=False, packages_select=None, packages_skip=None, packages_select_regex=None, packages_skip_regex=None, packages_start=None, packages_end=None, allow_overriding=[], cmake_args=None, cmake_target=None, cmake_target_skip_unavailable=False, cmake_clean_cache=False, cmake_clean_first=False, cmake_force_configure=False, ament_cmake_args=None, catkin_cmake_args=None, catkin_skip_building_tests=False, verb_parser=<colcon_defaults.argument_parser.defaults.DefaultArgumentsDecorator object at 0x77d389c589a0>, verb_extension=<colcon_core.verb.build.BuildVerb object at 0x77d389c583a0>, main=<bound method BuildVerb.main of <colcon_core.verb.build.BuildVerb object at 0x77d389c583a0>>)
[2.081s] Level 1:colcon.colcon_core.package_discovery:discover_packages(colcon_meta) check parameters
[2.082s] Level 1:colcon.colcon_core.package_discovery:discover_packages(recursive) check parameters
[2.082s] Level 1:colcon.colcon_core.package_discovery:discover_packages(ignore) check parameters
[2.082s] Level 1:colcon.colcon_core.package_discovery:discover_packages(path) check parameters
[2.082s] Level 1:colcon.colcon_core.package_discovery:discover_packages(colcon_meta) discover
[2.082s] Level 1:colcon.colcon_core.package_discovery:discover_packages(recursive) discover
[2.082s] INFO:colcon.colcon_core.package_discovery:Crawling recursively for packages in '/home/qaim/ros2_ws'
[2.083s] Level 1:colcon.colcon_core.package_identification:_identify(.) by extensions ['ignore', 'ignore_ament_install']
[2.084s] Level 1:colcon.colcon_core.package_identification:_identify(.) by extension 'ignore'
[2.084s] Level 1:colcon.colcon_core.package_identification:_identify(.) by extension 'ignore_ament_install'
[2.084s] Level 1:colcon.colcon_core.package_identification:_identify(.) by extensions ['colcon_pkg']
[2.084s] Level 1:colcon.colcon_core.package_identification:_identify(.) by extension 'colcon_pkg'
[2.084s] Level 1:colcon.colcon_core.package_identification:_identify(.) by extensions ['colcon_meta']
[2.084s] Level 1:colcon.colcon_core.package_identification:_identify(.) by extension 'colcon_meta'
[2.084s] Level 1:colcon.colcon_core.package_identification:_identify(.) by extensions ['ros']
[2.084s] Level 1:colcon.colcon_core.package_identification:_identify(.) by extension 'ros'
[2.141s] Level 1:colcon.colcon_core.package_identification:_identify(.) by extensions ['cmake', 'python']
[2.141s] Level 1:colcon.colcon_core.package_identification:_identify(.) by extension 'cmake'
[2.142s] Level 1:colcon.colcon_core.package_identification:_identify(.) by extension 'python'
[2.142s] Level 1:colcon.colcon_core.package_identification:_identify(.) by extensions ['python_setup_py']
[2.142s] Level 1:colcon.colcon_core.package_identification:_identify(.) by extension 'python_setup_py'
[2.142s] Level 1:colcon.colcon_core.package_identification:_identify(build) by extensions ['ignore', 'ignore_ament_install']
[2.143s] Level 1:colcon.colcon_core.package_identification:_identify(build) by extension 'ignore'
[2.143s] Level 1:colcon.colcon_core.package_identification:_identify(build) ignored
[2.143s] Level 1:colcon.colcon_core.package_identification:_identify(install) by extensions ['ignore', 'ignore_ament_install']
[2.144s] Level 1:colcon.colcon_core.package_identification:_identify(install) by extension 'ignore'
[2.144s] Level 1:colcon.colcon_core.package_identification:_identify(install) ignored
[2.144s] Level 1:colcon.colcon_core.package_identification:_identify(log) by extensions ['ignore', 'ignore_ament_install']
[2.144s] Level 1:colcon.colcon_core.package_identification:_identify(log) by extension 'ignore'
[2.145s] Level 1:colcon.colcon_core.package_identification:_identify(log) ignored
[2.148s] Level 1:colcon.colcon_core.package_identification:_identify(src) by extensions ['ignore', 'ignore_ament_install']
[2.149s] Level 1:colcon.colcon_core.package_identification:_identify(src) by extension 'ignore'
[2.149s] Level 1:colcon.colcon_core.package_identification:_identify(src) by extension 'ignore_ament_install'
[2.149s] Level 1:colcon.colcon_core.package_identification:_identify(src) by extensions ['colcon_pkg']
[2.149s] Level 1:colcon.colcon_core.package_identification:_identify(src) by extension 'colcon_pkg'
[2.149s] Level 1:colcon.colcon_core.package_identification:_identify(src) by extensions ['colcon_meta']
[2.149s] Level 1:colcon.colcon_core.package_identification:_identify(src) by extension 'colcon_meta'
[2.150s] Level 1:colcon.colcon_core.package_identification:_identify(src) by extensions ['ros']
[2.151s] Level 1:colcon.colcon_core.package_identification:_identify(src) by extension 'ros'
[2.151s] Level 1:colcon.colcon_core.package_identification:_identify(src) by extensions ['cmake', 'python']
[2.151s] Level 1:colcon.colcon_core.package_identification:_identify(src) by extension 'cmake'
[2.151s] Level 1:colcon.colcon_core.package_identification:_identify(src) by extension 'python'
[2.151s] Level 1:colcon.colcon_core.package_identification:_identify(src) by extensions ['python_setup_py']
[2.151s] Level 1:colcon.colcon_core.package_identification:_identify(src) by extension 'python_setup_py'
[2.153s] Level 1:colcon.colcon_core.package_identification:_identify(src/emotion_speech) by extensions ['ignore', 'ignore_ament_install']
[2.153s] Level 1:colcon.colcon_core.package_identification:_identify(src/emotion_speech) by extension 'ignore'
[2.154s] Level 1:colcon.colcon_core.package_identification:_identify(src/emotion_speech) by extension 'ignore_ament_install'
[2.154s] Level 1:colcon.colcon_core.package_identification:_identify(src/emotion_speech) by extensions ['colcon_pkg']
[2.154s] Level 1:colcon.colcon_core.package_identification:_identify(src/emotion_speech) by extension 'colcon_pkg'
[2.155s] Level 1:colcon.colcon_core.package_identification:_identify(src/emotion_speech) by extensions ['colcon_meta']
[2.155s] Level 1:colcon.colcon_core.package_identification:_identify(src/emotion_speech) by extension 'colcon_meta'
[2.155s] Level 1:colcon.colcon_core.package_identification:_identify(src/emotion_speech) by extensions ['ros']
[2.155s] Level 1:colcon.colcon_core.package_identification:_identify(src/emotion_speech) by extension 'ros'
[2.173s] DEBUG:colcon.colcon_core.package_identification:Package 'src/emotion_speech' with type 'ros.ament_python' and name 'emotion_speech'
[2.173s] Level 1:colcon.colcon_core.package_discovery:discover_packages(recursive) using defaults
[2.173s] Level 1:colcon.colcon_core.package_discovery:discover_packages(ignore) discover
[2.173s] Level 1:colcon.colcon_core.package_discovery:discover_packages(ignore) using defaults
[2.173s] Level 1:colcon.colcon_core.package_discovery:discover_packages(path) discover
[2.173s] Level 1:colcon.colcon_core.package_discovery:discover_packages(path) using defaults
[2.329s] Level 1:colcon.colcon_core.package_discovery:discover_packages(prefix_path) check parameters
[2.329s] Level 1:colcon.colcon_core.package_discovery:discover_packages(prefix_path) discover
[2.346s] DEBUG:colcon.colcon_installed_package_information.package_discovery:Found 1 installed packages in /home/qaim/ros2_ws/install
[2.353s] DEBUG:colcon.colcon_installed_package_information.package_discovery:Found 398 installed packages in /opt/ros/humble
[2.361s] Level 1:colcon.colcon_core.package_discovery:discover_packages(prefix_path) using defaults
[2.531s] Level 5:colcon.colcon_core.verb:set package 'emotion_speech' build argument 'cmake_args' from command line to 'None'
[2.531s] Level 5:colcon.colcon_core.verb:set package 'emotion_speech' build argument 'cmake_target' from command line to 'None'
[2.531s] Level 5:colcon.colcon_core.verb:set package 'emotion_speech' build argument 'cmake_target_skip_unavailable' from command line to 'False'
[2.531s] Level 5:colcon.colcon_core.verb:set package 'emotion_speech' build argument 'cmake_clean_cache' from command line to 'False'
[2.531s] Level 5:colcon.colcon_core.verb:set package 'emotion_speech' build argument 'cmake_clean_first' from command line to 'False'
[2.531s] Level 5:colcon.colcon_core.verb:set package 'emotion_speech' build argument 'cmake_force_configure' from command line to 'False'
[2.531s] Level 5:colcon.colcon_core.verb:set package 'emotion_speech' build argument 'ament_cmake_args' from command line to 'None'
[2.532s] Level 5:colcon.colcon_core.verb:set package 'emotion_speech' build argument 'catkin_cmake_args' from command line to 'None'
[2.532s] Level 5:colcon.colcon_core.verb:set package 'emotion_speech' build argument 'catkin_skip_building_tests' from command line to 'False'
[2.532s] DEBUG:colcon.colcon_core.verb:Building package 'emotion_speech' with the following arguments: {'ament_cmake_args': None, 'build_base': '/home/qaim/ros2_ws/build/emotion_speech', 'catkin_cmake_args': None, 'catkin_skip_building_tests': False, 'cmake_args': None, 'cmake_clean_cache': False, 'cmake_clean_first': False, 'cmake_force_configure': False, 'cmake_target': None, 'cmake_target_skip_unavailable': False, 'install_base': '/home/qaim/ros2_ws/install/emotion_speech', 'merge_install': False, 'path': '/home/qaim/ros2_ws/src/emotion_speech', 'symlink_install': False, 'test_result_base': None}
[2.532s] INFO:colcon.colcon_core.executor:Executing jobs using 'parallel' executor
[2.535s] DEBUG:colcon.colcon_parallel_executor.executor.parallel:run_until_complete
[2.536s] INFO:colcon.colcon_ros.task.ament_python.build:Building ROS package in '/home/qaim/ros2_ws/src/emotion_speech' with build type 'ament_python'
[2.536s] Level 1:colcon.colcon_core.shell:create_environment_hook('emotion_speech', 'ament_prefix_path')
[2.566s] INFO:colcon.colcon_core.plugin_system:Skipping extension 'colcon_core.shell.bat': Not used on non-Windows systems
[2.567s] INFO:colcon.colcon_core.shell:Creating environment hook '/home/qaim/ros2_ws/install/emotion_speech/share/emotion_speech/hook/ament_prefix_path.ps1'
[2.571s] INFO:colcon.colcon_core.shell:Creating environment descriptor '/home/qaim/ros2_ws/install/emotion_speech/share/emotion_speech/hook/ament_prefix_path.dsv'
[2.573s] INFO:colcon.colcon_core.shell:Creating environment hook '/home/qaim/ros2_ws/install/emotion_speech/share/emotion_speech/hook/ament_prefix_path.sh'
[2.577s] INFO:colcon.colcon_core.shell:Skip shell extension 'powershell' for command environment: Not usable outside of PowerShell
[2.578s] DEBUG:colcon.colcon_core.shell:Skip shell extension 'dsv' for command environment
[3.857s] INFO:colcon.colcon_core.task.python.build:Building Python package in '/home/qaim/ros2_ws/src/emotion_speech'
[3.858s] INFO:colcon.colcon_core.shell:Skip shell extension 'powershell' for command environment: Not usable outside of PowerShell
[3.858s] DEBUG:colcon.colcon_core.shell:Skip shell extension 'dsv' for command environment
[5.301s] DEBUG:colcon.colcon_core.event_handler.log_command:Invoking command in '/home/qaim/ros2_ws/src/emotion_speech': PYTHONPATH=/home/qaim/ros2_ws/build/emotion_speech/prefix_override:/usr/lib/python3/dist-packages/colcon_core/task/python/colcon_distutils_commands:/home/qaim/ros2_ws/install/emotion_speech/lib/python3.10/site-packages:${PYTHONPATH} /usr/bin/python3 -W ignore:setup.py install is deprecated -W ignore:easy_install command is deprecated setup.py egg_info --egg-base ../../build/emotion_speech build --build-base /home/qaim/ros2_ws/build/emotion_speech/build install --record /home/qaim/ros2_ws/build/emotion_speech/install.log --single-version-externally-managed install_data
[5.847s] DEBUG:colcon.colcon_core.event_handler.log_command:Invoked command in '/home/qaim/ros2_ws/src/emotion_speech' returned '0': PYTHONPATH=/home/qaim/ros2_ws/build/emotion_speech/prefix_override:/usr/lib/python3/dist-packages/colcon_core/task/python/colcon_distutils_commands:/home/qaim/ros2_ws/install/emotion_speech/lib/python3.10/site-packages:${PYTHONPATH} /usr/bin/python3 -W ignore:setup.py install is deprecated -W ignore:easy_install command is deprecated setup.py egg_info --egg-base ../../build/emotion_speech build --build-base /home/qaim/ros2_ws/build/emotion_speech/build install --record /home/qaim/ros2_ws/build/emotion_speech/install.log --single-version-externally-managed install_data
[5.874s] Level 1:colcon.colcon_core.environment:checking '/home/qaim/ros2_ws/install/emotion_speech' for CMake module files
[5.875s] Level 1:colcon.colcon_core.environment:checking '/home/qaim/ros2_ws/install/emotion_speech' for CMake config files
[5.877s] Level 1:colcon.colcon_core.environment:checking '/home/qaim/ros2_ws/install/emotion_speech/lib'
[5.878s] Level 1:colcon.colcon_core.environment:checking '/home/qaim/ros2_ws/install/emotion_speech/bin'
[5.878s] Level 1:colcon.colcon_core.environment:checking '/home/qaim/ros2_ws/install/emotion_speech/lib/pkgconfig/emotion_speech.pc'
[5.878s] Level 1:colcon.colcon_core.environment:checking '/home/qaim/ros2_ws/install/emotion_speech/lib/python3.10/site-packages'
[5.878s] Level 1:colcon.colcon_core.shell:create_environment_hook('emotion_speech', 'pythonpath')
[5.879s] INFO:colcon.colcon_core.shell:Creating environment hook '/home/qaim/ros2_ws/install/emotion_speech/share/emotion_speech/hook/pythonpath.ps1'
[5.880s] INFO:colcon.colcon_core.shell:Creating environment descriptor '/home/qaim/ros2_ws/install/emotion_speech/share/emotion_speech/hook/pythonpath.dsv'
[5.880s] INFO:colcon.colcon_core.shell:Creating environment hook '/home/qaim/ros2_ws/install/emotion_speech/share/emotion_speech/hook/pythonpath.sh'
[5.882s] Level 1:colcon.colcon_core.environment:checking '/home/qaim/ros2_ws/install/emotion_speech/bin'
[5.882s] Level 1:colcon.colcon_core.environment:create_environment_scripts_only(emotion_speech)
[5.883s] INFO:colcon.colcon_core.shell:Creating package script '/home/qaim/ros2_ws/install/emotion_speech/share/emotion_speech/package.ps1'
[5.886s] INFO:colcon.colcon_core.shell:Creating package descriptor '/home/qaim/ros2_ws/install/emotion_speech/share/emotion_speech/package.dsv'
[5.888s] INFO:colcon.colcon_core.shell:Creating package script '/home/qaim/ros2_ws/install/emotion_speech/share/emotion_speech/package.sh'
[5.890s] INFO:colcon.colcon_core.shell:Creating package script '/home/qaim/ros2_ws/install/emotion_speech/share/emotion_speech/package.bash'
[5.893s] INFO:colcon.colcon_core.shell:Creating package script '/home/qaim/ros2_ws/install/emotion_speech/share/emotion_speech/package.zsh'
[5.896s] Level 1:colcon.colcon_core.environment:create_file_with_runtime_dependencies(/home/qaim/ros2_ws/install/emotion_speech/share/colcon-core/packages/emotion_speech)
[5.897s] DEBUG:colcon.colcon_parallel_executor.executor.parallel:closing loop
[5.898s] DEBUG:colcon.colcon_parallel_executor.executor.parallel:loop closed
[5.898s] DEBUG:colcon.colcon_parallel_executor.executor.parallel:run_until_complete finished with '0'
[5.898s] DEBUG:colcon.colcon_core.event_reactor:joining thread
[5.917s] INFO:colcon.colcon_core.plugin_system:Skipping extension 'colcon_notification.desktop_notification.terminal_notifier': Not used on non-Darwin systems
[5.917s] INFO:colcon.colcon_core.plugin_system:Skipping extension 'colcon_notification.desktop_notification.win32': Not used on non-Windows systems
[5.917s] INFO:colcon.colcon_notification.desktop_notification:Sending desktop notification using 'notify2'
[5.955s] DEBUG:colcon.colcon_core.event_reactor:joined thread
[5.956s] INFO:colcon.colcon_core.shell:Creating prefix script '/home/qaim/ros2_ws/install/local_setup.ps1'
[5.959s] INFO:colcon.colcon_core.shell:Creating prefix util module '/home/qaim/ros2_ws/install/_local_setup_util_ps1.py'
[5.962s] INFO:colcon.colcon_core.shell:Creating prefix chain script '/home/qaim/ros2_ws/install/setup.ps1'
[5.965s] INFO:colcon.colcon_core.shell:Creating prefix script '/home/qaim/ros2_ws/install/local_setup.sh'
[5.969s] INFO:colcon.colcon_core.shell:Creating prefix util module '/home/qaim/ros2_ws/install/_local_setup_util_sh.py'
[5.970s] INFO:colcon.colcon_core.shell:Creating prefix chain script '/home/qaim/ros2_ws/install/setup.sh'
[5.974s] INFO:colcon.colcon_core.shell:Creating prefix script '/home/qaim/ros2_ws/install/local_setup.bash'
[5.977s] INFO:colcon.colcon_core.shell:Creating prefix chain script '/home/qaim/ros2_ws/install/setup.bash'
[5.981s] INFO:colcon.colcon_core.shell:Creating prefix script '/home/qaim/ros2_ws/install/local_setup.zsh'
[5.984s] INFO:colcon.colcon_core.shell:Creating prefix chain script '/home/qaim/ros2_ws/install/setup.zsh'
