[0.813s] Invoking command in '/home/qaim/ros2_ws/src/emotion_speech': PYTHONPATH=/home/qaim/ros2_ws/build/emotion_speech/prefix_override:/usr/lib/python3/dist-packages/colcon_core/task/python/colcon_distutils_commands:/home/qaim/ros2_ws/install/emotion_speech/lib/python3.10/site-packages:${PYTHONPATH} /usr/bin/python3 -W ignore:setup.py install is deprecated -W ignore:easy_install command is deprecated setup.py egg_info --egg-base ../../build/emotion_speech build --build-base /home/qaim/ros2_ws/build/emotion_speech/build install --record /home/qaim/ros2_ws/build/emotion_speech/install.log --single-version-externally-managed install_data
[1.088s] running egg_info
[1.089s] writing ../../build/emotion_speech/emotion_speech.egg-info/PKG-INFO
[1.089s] writing dependency_links to ../../build/emotion_speech/emotion_speech.egg-info/dependency_links.txt
[1.090s] writing entry points to ../../build/emotion_speech/emotion_speech.egg-info/entry_points.txt
[1.090s] writing requirements to ../../build/emotion_speech/emotion_speech.egg-info/requires.txt
[1.090s] writing top-level names to ../../build/emotion_speech/emotion_speech.egg-info/top_level.txt
[1.093s] reading manifest file '../../build/emotion_speech/emotion_speech.egg-info/SOURCES.txt'
[1.094s] writing manifest file '../../build/emotion_speech/emotion_speech.egg-info/SOURCES.txt'
[1.095s] running build
[1.095s] running build_py
[1.097s] running install
[1.097s] running install_lib
[1.099s] running install_data
[1.099s] running install_egg_info
[1.101s] removing '/home/qaim/ros2_ws/install/emotion_speech/lib/python3.10/site-packages/emotion_speech-0.0.0-py3.10.egg-info' (and everything under it)
[1.102s] Copying ../../build/emotion_speech/emotion_speech.egg-info to /home/qaim/ros2_ws/install/emotion_speech/lib/python3.10/site-packages/emotion_speech-0.0.0-py3.10.egg-info
[1.103s] running install_scripts
[1.123s] Installing face_ctrl3_cv script to /home/qaim/ros2_ws/install/emotion_speech/lib/emotion_speech
[1.123s] Installing face_display_node script to /home/qaim/ros2_ws/install/emotion_speech/lib/emotion_speech
[1.123s] Installing gemini_node script to /home/qaim/ros2_ws/install/emotion_speech/lib/emotion_speech
[1.124s] Installing plot_pnnx script to /home/qaim/ros2_ws/install/emotion_speech/lib/emotion_speech
[1.125s] Installing pnnx2 script to /home/qaim/ros2_ws/install/emotion_speech/lib/emotion_speech
[1.125s] Installing pnnx2_dummy script to /home/qaim/ros2_ws/install/emotion_speech/lib/emotion_speech
[1.125s] Installing pnnx_to_emotion_node script to /home/qaim/ros2_ws/install/emotion_speech/lib/emotion_speech
[1.125s] Installing speech_to_text_node script to /home/qaim/ros2_ws/install/emotion_speech/lib/emotion_speech
[1.126s] Installing test_publisher script to /home/qaim/ros2_ws/install/emotion_speech/lib/emotion_speech
[1.127s] writing list of installed files to '/home/qaim/ros2_ws/build/emotion_speech/install.log'
[1.157s] Invoked command in '/home/qaim/ros2_ws/src/emotion_speech' returned '0': PYTHONPATH=/home/qaim/ros2_ws/build/emotion_speech/prefix_override:/usr/lib/python3/dist-packages/colcon_core/task/python/colcon_distutils_commands:/home/qaim/ros2_ws/install/emotion_speech/lib/python3.10/site-packages:${PYTHONPATH} /usr/bin/python3 -W ignore:setup.py install is deprecated -W ignore:easy_install command is deprecated setup.py egg_info --egg-base ../../build/emotion_speech build --build-base /home/qaim/ros2_ws/build/emotion_speech/build install --record /home/qaim/ros2_ws/build/emotion_speech/install.log --single-version-externally-managed install_data
