[0.472s] DEBUG:colcon:Command line arguments: ['/usr/bin/colcon', 'build']
[0.472s] DEBUG:colcon:Parsed command line arguments: Namespace(log_base=None, log_level=None, verb_name='build', build_base='build', install_base='install', merge_install=False, symlink_install=False, test_result_base=None, continue_on_error=False, executor='parallel', parallel_workers=2, event_handlers=None, ignore_user_meta=False, metas=['./colcon.meta'], base_paths=['.'], packages_ignore=None, packages_ignore_regex=None, paths=None, packages_up_to=None, packages_up_to_regex=None, packages_above=None, packages_above_and_dependencies=None, packages_above_depth=None, packages_select_by_dep=None, packages_skip_by_dep=None, packages_skip_up_to=None, packages_select_build_failed=False, packages_skip_build_finished=False, packages_select_test_failures=False, packages_skip_test_passed=False, packages_select=None, packages_skip=None, packages_select_regex=None, packages_skip_regex=None, packages_start=None, packages_end=None, allow_overriding=[], cmake_args=None, cmake_target=None, cmake_target_skip_unavailable=False, cmake_clean_cache=False, cmake_clean_first=False, cmake_force_configure=False, ament_cmake_args=None, catkin_cmake_args=None, catkin_skip_building_tests=False, verb_parser=<colcon_defaults.argument_parser.defaults.DefaultArgumentsDecorator object at 0x7a3cd391c970>, verb_extension=<colcon_core.verb.build.BuildVerb object at 0x7a3cd391c460>, main=<bound method BuildVerb.main of <colcon_core.verb.build.BuildVerb object at 0x7a3cd391c460>>)
[1.168s] Level 1:colcon.colcon_core.package_discovery:discover_packages(colcon_meta) check parameters
[1.168s] Level 1:colcon.colcon_core.package_discovery:discover_packages(recursive) check parameters
[1.169s] Level 1:colcon.colcon_core.package_discovery:discover_packages(ignore) check parameters
[1.169s] Level 1:colcon.colcon_core.package_discovery:discover_packages(path) check parameters
[1.169s] Level 1:colcon.colcon_core.package_discovery:discover_packages(colcon_meta) discover
[1.169s] Level 1:colcon.colcon_core.package_discovery:discover_packages(recursive) discover
[1.169s] INFO:colcon.colcon_core.package_discovery:Crawling recursively for packages in '/home/qaim/ros2_ws'
[1.169s] Level 1:colcon.colcon_core.package_identification:_identify(.) by extensions ['ignore', 'ignore_ament_install']
[1.170s] Level 1:colcon.colcon_core.package_identification:_identify(.) by extension 'ignore'
[1.170s] Level 1:colcon.colcon_core.package_identification:_identify(.) by extension 'ignore_ament_install'
[1.170s] Level 1:colcon.colcon_core.package_identification:_identify(.) by extensions ['colcon_pkg']
[1.170s] Level 1:colcon.colcon_core.package_identification:_identify(.) by extension 'colcon_pkg'
[1.170s] Level 1:colcon.colcon_core.package_identification:_identify(.) by extensions ['colcon_meta']
[1.171s] Level 1:colcon.colcon_core.package_identification:_identify(.) by extension 'colcon_meta'
[1.171s] Level 1:colcon.colcon_core.package_identification:_identify(.) by extensions ['ros']
[1.171s] Level 1:colcon.colcon_core.package_identification:_identify(.) by extension 'ros'
[1.208s] Level 1:colcon.colcon_core.package_identification:_identify(.) by extensions ['cmake', 'python']
[1.208s] Level 1:colcon.colcon_core.package_identification:_identify(.) by extension 'cmake'
[1.208s] Level 1:colcon.colcon_core.package_identification:_identify(.) by extension 'python'
[1.208s] Level 1:colcon.colcon_core.package_identification:_identify(.) by extensions ['python_setup_py']
[1.208s] Level 1:colcon.colcon_core.package_identification:_identify(.) by extension 'python_setup_py'
[1.209s] Level 1:colcon.colcon_core.package_identification:_identify(build) by extensions ['ignore', 'ignore_ament_install']
[1.209s] Level 1:colcon.colcon_core.package_identification:_identify(build) by extension 'ignore'
[1.209s] Level 1:colcon.colcon_core.package_identification:_identify(build) ignored
[1.210s] Level 1:colcon.colcon_core.package_identification:_identify(install) by extensions ['ignore', 'ignore_ament_install']
[1.210s] Level 1:colcon.colcon_core.package_identification:_identify(install) by extension 'ignore'
[1.210s] Level 1:colcon.colcon_core.package_identification:_identify(install) ignored
[1.210s] Level 1:colcon.colcon_core.package_identification:_identify(log) by extensions ['ignore', 'ignore_ament_install']
[1.210s] Level 1:colcon.colcon_core.package_identification:_identify(log) by extension 'ignore'
[1.211s] Level 1:colcon.colcon_core.package_identification:_identify(log) ignored
[1.213s] Level 1:colcon.colcon_core.package_identification:_identify(src) by extensions ['ignore', 'ignore_ament_install']
[1.214s] Level 1:colcon.colcon_core.package_identification:_identify(src) by extension 'ignore'
[1.214s] Level 1:colcon.colcon_core.package_identification:_identify(src) by extension 'ignore_ament_install'
[1.214s] Level 1:colcon.colcon_core.package_identification:_identify(src) by extensions ['colcon_pkg']
[1.214s] Level 1:colcon.colcon_core.package_identification:_identify(src) by extension 'colcon_pkg'
[1.215s] Level 1:colcon.colcon_core.package_identification:_identify(src) by extensions ['colcon_meta']
[1.215s] Level 1:colcon.colcon_core.package_identification:_identify(src) by extension 'colcon_meta'
[1.215s] Level 1:colcon.colcon_core.package_identification:_identify(src) by extensions ['ros']
[1.215s] Level 1:colcon.colcon_core.package_identification:_identify(src) by extension 'ros'
[1.216s] Level 1:colcon.colcon_core.package_identification:_identify(src) by extensions ['cmake', 'python']
[1.216s] Level 1:colcon.colcon_core.package_identification:_identify(src) by extension 'cmake'
[1.216s] Level 1:colcon.colcon_core.package_identification:_identify(src) by extension 'python'
[1.216s] Level 1:colcon.colcon_core.package_identification:_identify(src) by extensions ['python_setup_py']
[1.216s] Level 1:colcon.colcon_core.package_identification:_identify(src) by extension 'python_setup_py'
[1.216s] Level 1:colcon.colcon_core.package_identification:_identify(src/emotion_speech) by extensions ['ignore', 'ignore_ament_install']
[1.217s] Level 1:colcon.colcon_core.package_identification:_identify(src/emotion_speech) by extension 'ignore'
[1.217s] Level 1:colcon.colcon_core.package_identification:_identify(src/emotion_speech) by extension 'ignore_ament_install'
[1.217s] Level 1:colcon.colcon_core.package_identification:_identify(src/emotion_speech) by extensions ['colcon_pkg']
[1.217s] Level 1:colcon.colcon_core.package_identification:_identify(src/emotion_speech) by extension 'colcon_pkg'
[1.217s] Level 1:colcon.colcon_core.package_identification:_identify(src/emotion_speech) by extensions ['colcon_meta']
[1.217s] Level 1:colcon.colcon_core.package_identification:_identify(src/emotion_speech) by extension 'colcon_meta'
[1.218s] Level 1:colcon.colcon_core.package_identification:_identify(src/emotion_speech) by extensions ['ros']
[1.218s] Level 1:colcon.colcon_core.package_identification:_identify(src/emotion_speech) by extension 'ros'
[1.230s] DEBUG:colcon.colcon_core.package_identification:Package 'src/emotion_speech' with type 'ros.ament_python' and name 'emotion_speech'
[1.230s] Level 1:colcon.colcon_core.package_discovery:discover_packages(recursive) using defaults
[1.230s] Level 1:colcon.colcon_core.package_discovery:discover_packages(ignore) discover
[1.230s] Level 1:colcon.colcon_core.package_discovery:discover_packages(ignore) using defaults
[1.231s] Level 1:colcon.colcon_core.package_discovery:discover_packages(path) discover
[1.231s] Level 1:colcon.colcon_core.package_discovery:discover_packages(path) using defaults
[1.305s] Level 1:colcon.colcon_core.package_discovery:discover_packages(prefix_path) check parameters
[1.305s] Level 1:colcon.colcon_core.package_discovery:discover_packages(prefix_path) discover
[1.310s] DEBUG:colcon.colcon_installed_package_information.package_discovery:Found 1 installed packages in /home/qaim/ros2_ws/install
[1.321s] DEBUG:colcon.colcon_installed_package_information.package_discovery:Found 398 installed packages in /opt/ros/humble
[1.326s] Level 1:colcon.colcon_core.package_discovery:discover_packages(prefix_path) using defaults
[1.487s] Level 5:colcon.colcon_core.verb:set package 'emotion_speech' build argument 'cmake_args' from command line to 'None'
[1.487s] Level 5:colcon.colcon_core.verb:set package 'emotion_speech' build argument 'cmake_target' from command line to 'None'
[1.487s] Level 5:colcon.colcon_core.verb:set package 'emotion_speech' build argument 'cmake_target_skip_unavailable' from command line to 'False'
[1.487s] Level 5:colcon.colcon_core.verb:set package 'emotion_speech' build argument 'cmake_clean_cache' from command line to 'False'
[1.487s] Level 5:colcon.colcon_core.verb:set package 'emotion_speech' build argument 'cmake_clean_first' from command line to 'False'
[1.487s] Level 5:colcon.colcon_core.verb:set package 'emotion_speech' build argument 'cmake_force_configure' from command line to 'False'
[1.488s] Level 5:colcon.colcon_core.verb:set package 'emotion_speech' build argument 'ament_cmake_args' from command line to 'None'
[1.488s] Level 5:colcon.colcon_core.verb:set package 'emotion_speech' build argument 'catkin_cmake_args' from command line to 'None'
[1.488s] Level 5:colcon.colcon_core.verb:set package 'emotion_speech' build argument 'catkin_skip_building_tests' from command line to 'False'
[1.488s] DEBUG:colcon.colcon_core.verb:Building package 'emotion_speech' with the following arguments: {'ament_cmake_args': None, 'build_base': '/home/qaim/ros2_ws/build/emotion_speech', 'catkin_cmake_args': None, 'catkin_skip_building_tests': False, 'cmake_args': None, 'cmake_clean_cache': False, 'cmake_clean_first': False, 'cmake_force_configure': False, 'cmake_target': None, 'cmake_target_skip_unavailable': False, 'install_base': '/home/qaim/ros2_ws/install/emotion_speech', 'merge_install': False, 'path': '/home/qaim/ros2_ws/src/emotion_speech', 'symlink_install': False, 'test_result_base': None}
[1.489s] INFO:colcon.colcon_core.executor:Executing jobs using 'parallel' executor
[1.492s] DEBUG:colcon.colcon_parallel_executor.executor.parallel:run_until_complete
[1.493s] INFO:colcon.colcon_ros.task.ament_python.build:Building ROS package in '/home/qaim/ros2_ws/src/emotion_speech' with build type 'ament_python'
[1.493s] Level 1:colcon.colcon_core.shell:create_environment_hook('emotion_speech', 'ament_prefix_path')
[1.504s] INFO:colcon.colcon_core.plugin_system:Skipping extension 'colcon_core.shell.bat': Not used on non-Windows systems
[1.504s] INFO:colcon.colcon_core.shell:Creating environment hook '/home/qaim/ros2_ws/install/emotion_speech/share/emotion_speech/hook/ament_prefix_path.ps1'
[1.510s] INFO:colcon.colcon_core.shell:Creating environment descriptor '/home/qaim/ros2_ws/install/emotion_speech/share/emotion_speech/hook/ament_prefix_path.dsv'
[1.516s] INFO:colcon.colcon_core.shell:Creating environment hook '/home/qaim/ros2_ws/install/emotion_speech/share/emotion_speech/hook/ament_prefix_path.sh'
[1.520s] INFO:colcon.colcon_core.shell:Skip shell extension 'powershell' for command environment: Not usable outside of PowerShell
[1.521s] DEBUG:colcon.colcon_core.shell:Skip shell extension 'dsv' for command environment
[3.026s] INFO:colcon.colcon_core.task.python.build:Building Python package in '/home/qaim/ros2_ws/src/emotion_speech'
[3.034s] INFO:colcon.colcon_core.shell:Skip shell extension 'powershell' for command environment: Not usable outside of PowerShell
[3.035s] DEBUG:colcon.colcon_core.shell:Skip shell extension 'dsv' for command environment
[5.418s] DEBUG:colcon.colcon_core.event_handler.log_command:Invoking command in '/home/qaim/ros2_ws/src/emotion_speech': PYTHONPATH=/home/qaim/ros2_ws/build/emotion_speech/prefix_override:/usr/lib/python3/dist-packages/colcon_core/task/python/colcon_distutils_commands:/home/qaim/ros2_ws/install/emotion_speech/lib/python3.10/site-packages:${PYTHONPATH} /usr/bin/python3 -W ignore:setup.py install is deprecated -W ignore:easy_install command is deprecated setup.py egg_info --egg-base ../../build/emotion_speech build --build-base /home/qaim/ros2_ws/build/emotion_speech/build install --record /home/qaim/ros2_ws/build/emotion_speech/install.log --single-version-externally-managed install_data
[7.228s] DEBUG:colcon.colcon_core.event_handler.log_command:Invoked command in '/home/qaim/ros2_ws/src/emotion_speech' returned '0': PYTHONPATH=/home/qaim/ros2_ws/build/emotion_speech/prefix_override:/usr/lib/python3/dist-packages/colcon_core/task/python/colcon_distutils_commands:/home/qaim/ros2_ws/install/emotion_speech/lib/python3.10/site-packages:${PYTHONPATH} /usr/bin/python3 -W ignore:setup.py install is deprecated -W ignore:easy_install command is deprecated setup.py egg_info --egg-base ../../build/emotion_speech build --build-base /home/qaim/ros2_ws/build/emotion_speech/build install --record /home/qaim/ros2_ws/build/emotion_speech/install.log --single-version-externally-managed install_data
[7.235s] Level 1:colcon.colcon_core.environment:checking '/home/qaim/ros2_ws/install/emotion_speech' for CMake module files
[7.237s] Level 1:colcon.colcon_core.environment:checking '/home/qaim/ros2_ws/install/emotion_speech' for CMake config files
[7.240s] Level 1:colcon.colcon_core.environment:checking '/home/qaim/ros2_ws/install/emotion_speech/lib'
[7.241s] Level 1:colcon.colcon_core.environment:checking '/home/qaim/ros2_ws/install/emotion_speech/bin'
[7.241s] Level 1:colcon.colcon_core.environment:checking '/home/qaim/ros2_ws/install/emotion_speech/lib/pkgconfig/emotion_speech.pc'
[7.241s] Level 1:colcon.colcon_core.environment:checking '/home/qaim/ros2_ws/install/emotion_speech/lib/python3.10/site-packages'
[7.242s] Level 1:colcon.colcon_core.shell:create_environment_hook('emotion_speech', 'pythonpath')
[7.242s] INFO:colcon.colcon_core.shell:Creating environment hook '/home/qaim/ros2_ws/install/emotion_speech/share/emotion_speech/hook/pythonpath.ps1'
[7.244s] INFO:colcon.colcon_core.shell:Creating environment descriptor '/home/qaim/ros2_ws/install/emotion_speech/share/emotion_speech/hook/pythonpath.dsv'
[7.245s] INFO:colcon.colcon_core.shell:Creating environment hook '/home/qaim/ros2_ws/install/emotion_speech/share/emotion_speech/hook/pythonpath.sh'
[7.247s] Level 1:colcon.colcon_core.environment:checking '/home/qaim/ros2_ws/install/emotion_speech/bin'
[7.247s] Level 1:colcon.colcon_core.environment:create_environment_scripts_only(emotion_speech)
[7.248s] INFO:colcon.colcon_core.shell:Creating package script '/home/qaim/ros2_ws/install/emotion_speech/share/emotion_speech/package.ps1'
[7.250s] INFO:colcon.colcon_core.shell:Creating package descriptor '/home/qaim/ros2_ws/install/emotion_speech/share/emotion_speech/package.dsv'
[7.253s] INFO:colcon.colcon_core.shell:Creating package script '/home/qaim/ros2_ws/install/emotion_speech/share/emotion_speech/package.sh'
[7.256s] INFO:colcon.colcon_core.shell:Creating package script '/home/qaim/ros2_ws/install/emotion_speech/share/emotion_speech/package.bash'
[7.260s] INFO:colcon.colcon_core.shell:Creating package script '/home/qaim/ros2_ws/install/emotion_speech/share/emotion_speech/package.zsh'
[7.263s] Level 1:colcon.colcon_core.environment:create_file_with_runtime_dependencies(/home/qaim/ros2_ws/install/emotion_speech/share/colcon-core/packages/emotion_speech)
[7.267s] DEBUG:colcon.colcon_parallel_executor.executor.parallel:closing loop
[7.269s] DEBUG:colcon.colcon_parallel_executor.executor.parallel:loop closed
[7.270s] DEBUG:colcon.colcon_parallel_executor.executor.parallel:run_until_complete finished with '0'
[7.270s] DEBUG:colcon.colcon_core.event_reactor:joining thread
[7.297s] INFO:colcon.colcon_core.plugin_system:Skipping extension 'colcon_notification.desktop_notification.terminal_notifier': Not used on non-Darwin systems
[7.298s] INFO:colcon.colcon_core.plugin_system:Skipping extension 'colcon_notification.desktop_notification.win32': Not used on non-Windows systems
[7.298s] INFO:colcon.colcon_notification.desktop_notification:Sending desktop notification using 'notify2'
[7.362s] DEBUG:colcon.colcon_core.event_reactor:joined thread
[7.363s] INFO:colcon.colcon_core.shell:Creating prefix script '/home/qaim/ros2_ws/install/local_setup.ps1'
[7.369s] INFO:colcon.colcon_core.shell:Creating prefix util module '/home/qaim/ros2_ws/install/_local_setup_util_ps1.py'
[7.372s] INFO:colcon.colcon_core.shell:Creating prefix chain script '/home/qaim/ros2_ws/install/setup.ps1'
[7.379s] INFO:colcon.colcon_core.shell:Creating prefix script '/home/qaim/ros2_ws/install/local_setup.sh'
[7.381s] INFO:colcon.colcon_core.shell:Creating prefix util module '/home/qaim/ros2_ws/install/_local_setup_util_sh.py'
[7.383s] INFO:colcon.colcon_core.shell:Creating prefix chain script '/home/qaim/ros2_ws/install/setup.sh'
[7.386s] INFO:colcon.colcon_core.shell:Creating prefix script '/home/qaim/ros2_ws/install/local_setup.bash'
[7.388s] INFO:colcon.colcon_core.shell:Creating prefix chain script '/home/qaim/ros2_ws/install/setup.bash'
[7.391s] INFO:colcon.colcon_core.shell:Creating prefix script '/home/qaim/ros2_ws/install/local_setup.zsh'
[7.392s] INFO:colcon.colcon_core.shell:Creating prefix chain script '/home/qaim/ros2_ws/install/setup.zsh'
