/home/qaim/ros2_ws/install/emotion_speech/lib/python3.10/site-packages/emotion_speech/pnnx2.py
/home/qaim/ros2_ws/install/emotion_speech/lib/python3.10/site-packages/emotion_speech/gemini_node.py
/home/qaim/ros2_ws/install/emotion_speech/lib/python3.10/site-packages/emotion_speech/__init__.py
/home/qaim/ros2_ws/install/emotion_speech/lib/python3.10/site-packages/emotion_speech/speech_to_text_node.py
/home/qaim/ros2_ws/install/emotion_speech/lib/python3.10/site-packages/emotion_speech/plot_pnnx.py
/home/qaim/ros2_ws/install/emotion_speech/lib/python3.10/site-packages/emotion_speech/face_ctrl3_cv.py
/home/qaim/ros2_ws/install/emotion_speech/lib/python3.10/site-packages/emotion_speech/pnnx_to_emotion_node.py
/home/qaim/ros2_ws/install/emotion_speech/lib/python3.10/site-packages/emotion_speech/memory_node.py
/home/qaim/ros2_ws/install/emotion_speech/lib/python3.10/site-packages/emotion_speech/test_emotion_publisher.py
/home/qaim/ros2_ws/install/emotion_speech/lib/python3.10/site-packages/emotion_speech/list_models.py
/home/qaim/ros2_ws/install/emotion_speech/lib/python3.10/site-packages/emotion_speech/pnnx2_dummy.py
/home/qaim/ros2_ws/install/emotion_speech/lib/python3.10/site-packages/emotion_speech/face_display_node.py
/home/qaim/ros2_ws/install/emotion_speech/lib/python3.10/site-packages/emotion_speech/__pycache__/pnnx2.cpython-310.pyc
/home/qaim/ros2_ws/install/emotion_speech/lib/python3.10/site-packages/emotion_speech/__pycache__/gemini_node.cpython-310.pyc
/home/qaim/ros2_ws/install/emotion_speech/lib/python3.10/site-packages/emotion_speech/__pycache__/__init__.cpython-310.pyc
/home/qaim/ros2_ws/install/emotion_speech/lib/python3.10/site-packages/emotion_speech/__pycache__/speech_to_text_node.cpython-310.pyc
/home/qaim/ros2_ws/install/emotion_speech/lib/python3.10/site-packages/emotion_speech/__pycache__/plot_pnnx.cpython-310.pyc
/home/qaim/ros2_ws/install/emotion_speech/lib/python3.10/site-packages/emotion_speech/__pycache__/face_ctrl3_cv.cpython-310.pyc
/home/qaim/ros2_ws/install/emotion_speech/lib/python3.10/site-packages/emotion_speech/__pycache__/pnnx_to_emotion_node.cpython-310.pyc
/home/qaim/ros2_ws/install/emotion_speech/lib/python3.10/site-packages/emotion_speech/__pycache__/memory_node.cpython-310.pyc
/home/qaim/ros2_ws/install/emotion_speech/lib/python3.10/site-packages/emotion_speech/__pycache__/test_emotion_publisher.cpython-310.pyc
/home/qaim/ros2_ws/install/emotion_speech/lib/python3.10/site-packages/emotion_speech/__pycache__/list_models.cpython-310.pyc
/home/qaim/ros2_ws/install/emotion_speech/lib/python3.10/site-packages/emotion_speech/__pycache__/pnnx2_dummy.cpython-310.pyc
/home/qaim/ros2_ws/install/emotion_speech/lib/python3.10/site-packages/emotion_speech/__pycache__/face_display_node.cpython-310.pyc
/home/qaim/ros2_ws/install/emotion_speech/share/ament_index/resource_index/packages/emotion_speech
/home/qaim/ros2_ws/install/emotion_speech/share/emotion_speech/package.xml
/home/qaim/ros2_ws/install/emotion_speech/share/emotion_speech/launch/all.launch.py
/home/qaim/ros2_ws/install/emotion_speech/share/emotion_speech/face_DB/neutral.JPG
/home/qaim/ros2_ws/install/emotion_speech/share/emotion_speech/face_DB/happy1.JPG
/home/qaim/ros2_ws/install/emotion_speech/share/emotion_speech/face_DB/happy2.JPG
/home/qaim/ros2_ws/install/emotion_speech/share/emotion_speech/face_DB/happy3.JPG
/home/qaim/ros2_ws/install/emotion_speech/share/emotion_speech/face_DB/happy4.JPG
/home/qaim/ros2_ws/install/emotion_speech/share/emotion_speech/face_DB/happy5.JPG
/home/qaim/ros2_ws/install/emotion_speech/share/emotion_speech/face_DB/anger1.JPG
/home/qaim/ros2_ws/install/emotion_speech/share/emotion_speech/face_DB/anger2.JPG
/home/qaim/ros2_ws/install/emotion_speech/share/emotion_speech/face_DB/anger3.JPG
/home/qaim/ros2_ws/install/emotion_speech/share/emotion_speech/face_DB/anger4.JPG
/home/qaim/ros2_ws/install/emotion_speech/share/emotion_speech/face_DB/anger5.JPG
/home/qaim/ros2_ws/install/emotion_speech/share/emotion_speech/face_DB/relax1.JPG
/home/qaim/ros2_ws/install/emotion_speech/share/emotion_speech/face_DB/relax2.JPG
/home/qaim/ros2_ws/install/emotion_speech/share/emotion_speech/face_DB/relax3.JPG
/home/qaim/ros2_ws/install/emotion_speech/share/emotion_speech/face_DB/relax4.JPG
/home/qaim/ros2_ws/install/emotion_speech/share/emotion_speech/face_DB/relax5.JPG
/home/qaim/ros2_ws/install/emotion_speech/share/emotion_speech/face_DB/sadness1.JPG
/home/qaim/ros2_ws/install/emotion_speech/share/emotion_speech/face_DB/sadness2.JPG
/home/qaim/ros2_ws/install/emotion_speech/share/emotion_speech/face_DB/sadness3.JPG
/home/qaim/ros2_ws/install/emotion_speech/share/emotion_speech/face_DB/sadness4.JPG
/home/qaim/ros2_ws/install/emotion_speech/share/emotion_speech/face_DB/sadness5.JPG
/home/qaim/ros2_ws/install/emotion_speech/lib/python3.10/site-packages/emotion_speech-0.0.0-py3.10.egg-info/top_level.txt
/home/qaim/ros2_ws/install/emotion_speech/lib/python3.10/site-packages/emotion_speech-0.0.0-py3.10.egg-info/zip-safe
/home/qaim/ros2_ws/install/emotion_speech/lib/python3.10/site-packages/emotion_speech-0.0.0-py3.10.egg-info/requires.txt
/home/qaim/ros2_ws/install/emotion_speech/lib/python3.10/site-packages/emotion_speech-0.0.0-py3.10.egg-info/dependency_links.txt
/home/qaim/ros2_ws/install/emotion_speech/lib/python3.10/site-packages/emotion_speech-0.0.0-py3.10.egg-info/PKG-INFO
/home/qaim/ros2_ws/install/emotion_speech/lib/python3.10/site-packages/emotion_speech-0.0.0-py3.10.egg-info/SOURCES.txt
/home/qaim/ros2_ws/install/emotion_speech/lib/python3.10/site-packages/emotion_speech-0.0.0-py3.10.egg-info/entry_points.txt
/home/qaim/ros2_ws/install/emotion_speech/lib/emotion_speech/face_ctrl3_cv
/home/qaim/ros2_ws/install/emotion_speech/lib/emotion_speech/face_display_node
/home/qaim/ros2_ws/install/emotion_speech/lib/emotion_speech/gemini_node
/home/qaim/ros2_ws/install/emotion_speech/lib/emotion_speech/memory_node
/home/qaim/ros2_ws/install/emotion_speech/lib/emotion_speech/plot_pnnx
/home/qaim/ros2_ws/install/emotion_speech/lib/emotion_speech/pnnx2
/home/qaim/ros2_ws/install/emotion_speech/lib/emotion_speech/pnnx2_dummy
/home/qaim/ros2_ws/install/emotion_speech/lib/emotion_speech/pnnx_to_emotion_node
/home/qaim/ros2_ws/install/emotion_speech/lib/emotion_speech/speech_to_text_node
/home/qaim/ros2_ws/install/emotion_speech/lib/emotion_speech/test_publisher
